2023-05-30 16:29:50.166 [main] WARN  o.apache.flink.runtime.webmonitor.WebMonitorUtils - Log file environment variable 'log.file' is not set.
2023-05-30 16:29:50.166 [main] WARN  o.apache.flink.runtime.webmonitor.WebMonitorUtils - JobManager log files are unavailable in the web dashboard. Log file location not found in environment variable 'log.file' or configuration key 'web.log.path'.
2023-05-30 16:29:51.185 [ForkJoinPool.commonPool-worker-9] WARN  o.a.flink.runtime.minicluster.MiniClusterJobClient - Shutdown of MiniCluster failed.
java.nio.file.DirectoryNotEmptyException: C:\Users\PENGZH~1\AppData\Local\Temp\minicluster_aeb52075929230f33730b2fa94afb555\tm_0
	at sun.nio.fs.WindowsFileSystemProvider.implDelete(WindowsFileSystemProvider.java:266)
	at sun.nio.fs.AbstractFileSystemProvider.deleteIfExists(AbstractFileSystemProvider.java:108)
	at java.nio.file.Files.deleteIfExists(Files.java:1165)
	at org.apache.flink.util.FileUtils.deleteDirectoryInternal(FileUtils.java:332)
	at org.apache.flink.util.FileUtils.deleteFileOrDirectoryInternal(FileUtils.java:308)
	at org.apache.flink.util.FileUtils.guardIfWindows(FileUtils.java:396)
	at org.apache.flink.util.FileUtils.guardIfNotThreadSafe(FileUtils.java:375)
	at org.apache.flink.util.FileUtils.deleteFileOrDirectory(FileUtils.java:247)
	at org.apache.flink.util.FileUtils.cleanDirectoryInternal(FileUtils.java:361)
	at org.apache.flink.util.FileUtils.deleteDirectoryInternal(FileUtils.java:322)
	at org.apache.flink.util.FileUtils.guardIfWindows(FileUtils.java:396)
	at org.apache.flink.util.FileUtils.guardIfNotThreadSafe(FileUtils.java:375)
	at org.apache.flink.util.FileUtils.deleteDirectory(FileUtils.java:265)
	at org.apache.flink.runtime.entrypoint.WorkingDirectory.delete(WorkingDirectory.java:63)
	at org.apache.flink.runtime.minicluster.MiniCluster.deleteDirectories(MiniCluster.java:1313)
	at org.apache.flink.util.concurrent.FutureUtils.lambda$runAfterwardsAsync$15(FutureUtils.java:594)
	at java.util.concurrent.CompletableFuture.uniWhenComplete(CompletableFuture.java:760)
	at java.util.concurrent.CompletableFuture$UniWhenComplete.tryFire(CompletableFuture.java:736)
	at java.util.concurrent.CompletableFuture$Completion.run(CompletableFuture.java:442)
	at org.apache.flink.util.concurrent.DirectExecutorService.execute(DirectExecutorService.java:217)
	at java.util.concurrent.CompletableFuture$UniCompletion.claim(CompletableFuture.java:529)
	at java.util.concurrent.CompletableFuture.uniWhenComplete(CompletableFuture.java:751)
	at java.util.concurrent.CompletableFuture$UniWhenComplete.tryFire(CompletableFuture.java:736)
	at java.util.concurrent.CompletableFuture.postComplete(CompletableFuture.java:474)
	at java.util.concurrent.CompletableFuture.complete(CompletableFuture.java:1962)
	at org.apache.flink.util.concurrent.FutureUtils.lambda$null$16(FutureUtils.java:637)
	at java.util.concurrent.CompletableFuture.uniWhenComplete(CompletableFuture.java:760)
	at java.util.concurrent.CompletableFuture$UniWhenComplete.tryFire(CompletableFuture.java:736)
	at java.util.concurrent.CompletableFuture.postComplete(CompletableFuture.java:474)
	at java.util.concurrent.CompletableFuture$AsyncSupply.run(CompletableFuture.java:1595)
	at java.util.concurrent.CompletableFuture$AsyncSupply.exec(CompletableFuture.java:1582)
	at java.util.concurrent.ForkJoinTask.doExec(ForkJoinTask.java:289)
	at java.util.concurrent.ForkJoinPool$WorkQueue.runTask(ForkJoinPool.java:1056)
	at java.util.concurrent.ForkJoinPool.runWorker(ForkJoinPool.java:1692)
	at java.util.concurrent.ForkJoinWorkerThread.run(ForkJoinWorkerThread.java:157)
2023-05-30 16:30:10.562 [main] WARN  o.apache.flink.runtime.webmonitor.WebMonitorUtils - Log file environment variable 'log.file' is not set.
2023-05-30 16:30:10.562 [main] WARN  o.apache.flink.runtime.webmonitor.WebMonitorUtils - JobManager log files are unavailable in the web dashboard. Log file location not found in environment variable 'log.file' or configuration key 'web.log.path'.
2023-05-30 16:30:11.593 [ForkJoinPool.commonPool-worker-11] WARN  o.a.flink.runtime.minicluster.MiniClusterJobClient - Shutdown of MiniCluster failed.
java.nio.file.DirectoryNotEmptyException: C:\Users\PENGZH~1\AppData\Local\Temp\minicluster_636727ac3f6735e3d67ca5a3e7126b8a\tm_0
	at sun.nio.fs.WindowsFileSystemProvider.implDelete(WindowsFileSystemProvider.java:266)
	at sun.nio.fs.AbstractFileSystemProvider.deleteIfExists(AbstractFileSystemProvider.java:108)
	at java.nio.file.Files.deleteIfExists(Files.java:1165)
	at org.apache.flink.util.FileUtils.deleteDirectoryInternal(FileUtils.java:332)
	at org.apache.flink.util.FileUtils.deleteFileOrDirectoryInternal(FileUtils.java:308)
	at org.apache.flink.util.FileUtils.guardIfWindows(FileUtils.java:396)
	at org.apache.flink.util.FileUtils.guardIfNotThreadSafe(FileUtils.java:375)
	at org.apache.flink.util.FileUtils.deleteFileOrDirectory(FileUtils.java:247)
	at org.apache.flink.util.FileUtils.cleanDirectoryInternal(FileUtils.java:361)
	at org.apache.flink.util.FileUtils.deleteDirectoryInternal(FileUtils.java:322)
	at org.apache.flink.util.FileUtils.guardIfWindows(FileUtils.java:396)
	at org.apache.flink.util.FileUtils.guardIfNotThreadSafe(FileUtils.java:375)
	at org.apache.flink.util.FileUtils.deleteDirectory(FileUtils.java:265)
	at org.apache.flink.runtime.entrypoint.WorkingDirectory.delete(WorkingDirectory.java:63)
	at org.apache.flink.runtime.minicluster.MiniCluster.deleteDirectories(MiniCluster.java:1313)
	at org.apache.flink.util.concurrent.FutureUtils.lambda$runAfterwardsAsync$15(FutureUtils.java:594)
	at java.util.concurrent.CompletableFuture.uniWhenComplete(CompletableFuture.java:760)
	at java.util.concurrent.CompletableFuture$UniWhenComplete.tryFire(CompletableFuture.java:736)
	at java.util.concurrent.CompletableFuture$Completion.run(CompletableFuture.java:442)
	at org.apache.flink.util.concurrent.DirectExecutorService.execute(DirectExecutorService.java:217)
	at java.util.concurrent.CompletableFuture$UniCompletion.claim(CompletableFuture.java:529)
	at java.util.concurrent.CompletableFuture.uniWhenComplete(CompletableFuture.java:751)
	at java.util.concurrent.CompletableFuture$UniWhenComplete.tryFire(CompletableFuture.java:736)
	at java.util.concurrent.CompletableFuture.postComplete(CompletableFuture.java:474)
	at java.util.concurrent.CompletableFuture.complete(CompletableFuture.java:1962)
	at org.apache.flink.util.concurrent.FutureUtils.lambda$null$16(FutureUtils.java:637)
	at java.util.concurrent.CompletableFuture.uniWhenComplete(CompletableFuture.java:760)
	at java.util.concurrent.CompletableFuture$UniWhenComplete.tryFire(CompletableFuture.java:736)
	at java.util.concurrent.CompletableFuture.postComplete(CompletableFuture.java:474)
	at java.util.concurrent.CompletableFuture$AsyncSupply.run(CompletableFuture.java:1595)
	at java.util.concurrent.CompletableFuture$AsyncSupply.exec(CompletableFuture.java:1582)
	at java.util.concurrent.ForkJoinTask.doExec(ForkJoinTask.java:289)
	at java.util.concurrent.ForkJoinPool$WorkQueue.runTask(ForkJoinPool.java:1056)
	at java.util.concurrent.ForkJoinPool.runWorker(ForkJoinPool.java:1692)
	at java.util.concurrent.ForkJoinWorkerThread.run(ForkJoinWorkerThread.java:157)
2023-05-30 16:31:30.346 [main] WARN  o.apache.flink.runtime.webmonitor.WebMonitorUtils - Log file environment variable 'log.file' is not set.
2023-05-30 16:31:30.346 [main] WARN  o.apache.flink.runtime.webmonitor.WebMonitorUtils - JobManager log files are unavailable in the web dashboard. Log file location not found in environment variable 'log.file' or configuration key 'web.log.path'.
2023-05-30 16:32:31.141 [main] WARN  o.apache.flink.runtime.webmonitor.WebMonitorUtils - Log file environment variable 'log.file' is not set.
2023-05-30 16:32:31.142 [main] WARN  o.apache.flink.runtime.webmonitor.WebMonitorUtils - JobManager log files are unavailable in the web dashboard. Log file location not found in environment variable 'log.file' or configuration key 'web.log.path'.
2023-05-30 16:32:50.541 [ForkJoinPool.commonPool-worker-9] WARN  o.a.flink.runtime.minicluster.MiniClusterJobClient - Shutdown of MiniCluster failed.
java.nio.file.DirectoryNotEmptyException: C:\Users\PENGZH~1\AppData\Local\Temp\minicluster_cd48fc2afd2644618cac5109651ddf44\tm_0
	at sun.nio.fs.WindowsFileSystemProvider.implDelete(WindowsFileSystemProvider.java:266)
	at sun.nio.fs.AbstractFileSystemProvider.deleteIfExists(AbstractFileSystemProvider.java:108)
	at java.nio.file.Files.deleteIfExists(Files.java:1165)
	at org.apache.flink.util.FileUtils.deleteDirectoryInternal(FileUtils.java:332)
	at org.apache.flink.util.FileUtils.deleteFileOrDirectoryInternal(FileUtils.java:308)
	at org.apache.flink.util.FileUtils.guardIfWindows(FileUtils.java:396)
	at org.apache.flink.util.FileUtils.guardIfNotThreadSafe(FileUtils.java:375)
	at org.apache.flink.util.FileUtils.deleteFileOrDirectory(FileUtils.java:247)
	at org.apache.flink.util.FileUtils.cleanDirectoryInternal(FileUtils.java:361)
	at org.apache.flink.util.FileUtils.deleteDirectoryInternal(FileUtils.java:322)
	at org.apache.flink.util.FileUtils.guardIfWindows(FileUtils.java:396)
	at org.apache.flink.util.FileUtils.guardIfNotThreadSafe(FileUtils.java:375)
	at org.apache.flink.util.FileUtils.deleteDirectory(FileUtils.java:265)
	at org.apache.flink.runtime.entrypoint.WorkingDirectory.delete(WorkingDirectory.java:63)
	at org.apache.flink.runtime.minicluster.MiniCluster.deleteDirectories(MiniCluster.java:1313)
	at org.apache.flink.util.concurrent.FutureUtils.lambda$runAfterwardsAsync$15(FutureUtils.java:594)
	at java.util.concurrent.CompletableFuture.uniWhenComplete(CompletableFuture.java:760)
	at java.util.concurrent.CompletableFuture$UniWhenComplete.tryFire(CompletableFuture.java:736)
	at java.util.concurrent.CompletableFuture$Completion.run(CompletableFuture.java:442)
	at org.apache.flink.util.concurrent.DirectExecutorService.execute(DirectExecutorService.java:217)
	at java.util.concurrent.CompletableFuture$UniCompletion.claim(CompletableFuture.java:529)
	at java.util.concurrent.CompletableFuture.uniWhenComplete(CompletableFuture.java:751)
	at java.util.concurrent.CompletableFuture$UniWhenComplete.tryFire(CompletableFuture.java:736)
	at java.util.concurrent.CompletableFuture.postComplete(CompletableFuture.java:474)
	at java.util.concurrent.CompletableFuture.complete(CompletableFuture.java:1962)
	at org.apache.flink.util.concurrent.FutureUtils.lambda$null$16(FutureUtils.java:637)
	at java.util.concurrent.CompletableFuture.uniWhenComplete(CompletableFuture.java:760)
	at java.util.concurrent.CompletableFuture$UniWhenComplete.tryFire(CompletableFuture.java:736)
	at java.util.concurrent.CompletableFuture.postComplete(CompletableFuture.java:474)
	at java.util.concurrent.CompletableFuture$AsyncSupply.run$$$capture(CompletableFuture.java:1595)
	at java.util.concurrent.CompletableFuture$AsyncSupply.run(CompletableFuture.java)
	at java.util.concurrent.CompletableFuture$AsyncSupply.exec(CompletableFuture.java:1582)
	at java.util.concurrent.ForkJoinTask.doExec$$$capture(ForkJoinTask.java:289)
	at java.util.concurrent.ForkJoinTask.doExec(ForkJoinTask.java)
	at java.util.concurrent.ForkJoinPool$WorkQueue.runTask(ForkJoinPool.java:1056)
	at java.util.concurrent.ForkJoinPool.runWorker(ForkJoinPool.java:1692)
	at java.util.concurrent.ForkJoinWorkerThread.run(ForkJoinWorkerThread.java:157)
2023-05-30 16:32:53.707 [main] WARN  o.apache.flink.runtime.webmonitor.WebMonitorUtils - Log file environment variable 'log.file' is not set.
2023-05-30 16:32:53.708 [main] WARN  o.apache.flink.runtime.webmonitor.WebMonitorUtils - JobManager log files are unavailable in the web dashboard. Log file location not found in environment variable 'log.file' or configuration key 'web.log.path'.
2023-05-30 16:32:54.683 [ForkJoinPool.commonPool-worker-9] WARN  o.a.flink.runtime.minicluster.MiniClusterJobClient - Shutdown of MiniCluster failed.
java.nio.file.DirectoryNotEmptyException: C:\Users\PENGZH~1\AppData\Local\Temp\minicluster_8c208cce5ef1bd0caecf7cca8a2950c7\tm_0
	at sun.nio.fs.WindowsFileSystemProvider.implDelete(WindowsFileSystemProvider.java:266)
	at sun.nio.fs.AbstractFileSystemProvider.deleteIfExists(AbstractFileSystemProvider.java:108)
	at java.nio.file.Files.deleteIfExists(Files.java:1165)
	at org.apache.flink.util.FileUtils.deleteDirectoryInternal(FileUtils.java:332)
	at org.apache.flink.util.FileUtils.deleteFileOrDirectoryInternal(FileUtils.java:308)
	at org.apache.flink.util.FileUtils.guardIfWindows(FileUtils.java:396)
	at org.apache.flink.util.FileUtils.guardIfNotThreadSafe(FileUtils.java:375)
	at org.apache.flink.util.FileUtils.deleteFileOrDirectory(FileUtils.java:247)
	at org.apache.flink.util.FileUtils.cleanDirectoryInternal(FileUtils.java:361)
	at org.apache.flink.util.FileUtils.deleteDirectoryInternal(FileUtils.java:322)
	at org.apache.flink.util.FileUtils.guardIfWindows(FileUtils.java:396)
	at org.apache.flink.util.FileUtils.guardIfNotThreadSafe(FileUtils.java:375)
	at org.apache.flink.util.FileUtils.deleteDirectory(FileUtils.java:265)
	at org.apache.flink.runtime.entrypoint.WorkingDirectory.delete(WorkingDirectory.java:63)
	at org.apache.flink.runtime.minicluster.MiniCluster.deleteDirectories(MiniCluster.java:1313)
	at org.apache.flink.util.concurrent.FutureUtils.lambda$runAfterwardsAsync$15(FutureUtils.java:594)
	at java.util.concurrent.CompletableFuture.uniWhenComplete(CompletableFuture.java:760)
	at java.util.concurrent.CompletableFuture$UniWhenComplete.tryFire(CompletableFuture.java:736)
	at java.util.concurrent.CompletableFuture$Completion.run(CompletableFuture.java:442)
	at org.apache.flink.util.concurrent.DirectExecutorService.execute(DirectExecutorService.java:217)
	at java.util.concurrent.CompletableFuture$UniCompletion.claim(CompletableFuture.java:529)
	at java.util.concurrent.CompletableFuture.uniWhenComplete(CompletableFuture.java:751)
	at java.util.concurrent.CompletableFuture$UniWhenComplete.tryFire(CompletableFuture.java:736)
	at java.util.concurrent.CompletableFuture.postComplete(CompletableFuture.java:474)
	at java.util.concurrent.CompletableFuture.complete(CompletableFuture.java:1962)
	at org.apache.flink.util.concurrent.FutureUtils.lambda$null$16(FutureUtils.java:637)
	at java.util.concurrent.CompletableFuture.uniWhenComplete(CompletableFuture.java:760)
	at java.util.concurrent.CompletableFuture$UniWhenComplete.tryFire(CompletableFuture.java:736)
	at java.util.concurrent.CompletableFuture.postComplete(CompletableFuture.java:474)
	at java.util.concurrent.CompletableFuture$AsyncSupply.run(CompletableFuture.java:1595)
	at java.util.concurrent.CompletableFuture$AsyncSupply.exec(CompletableFuture.java:1582)
	at java.util.concurrent.ForkJoinTask.doExec(ForkJoinTask.java:289)
	at java.util.concurrent.ForkJoinPool$WorkQueue.runTask(ForkJoinPool.java:1056)
	at java.util.concurrent.ForkJoinPool.runWorker(ForkJoinPool.java:1692)
	at java.util.concurrent.ForkJoinWorkerThread.run(ForkJoinWorkerThread.java:157)
2023-05-30 16:34:38.040 [main] WARN  o.apache.flink.runtime.webmonitor.WebMonitorUtils - Log file environment variable 'log.file' is not set.
2023-05-30 16:34:38.040 [main] WARN  o.apache.flink.runtime.webmonitor.WebMonitorUtils - JobManager log files are unavailable in the web dashboard. Log file location not found in environment variable 'log.file' or configuration key 'web.log.path'.
2023-05-30 16:34:39.015 [ForkJoinPool.commonPool-worker-11] WARN  o.a.flink.runtime.minicluster.MiniClusterJobClient - Shutdown of MiniCluster failed.
java.nio.file.DirectoryNotEmptyException: C:\Users\PENGZH~1\AppData\Local\Temp\minicluster_e4f6efeda19279a7fd8e6ceb5891d83c\tm_0
	at sun.nio.fs.WindowsFileSystemProvider.implDelete(WindowsFileSystemProvider.java:266)
	at sun.nio.fs.AbstractFileSystemProvider.deleteIfExists(AbstractFileSystemProvider.java:108)
	at java.nio.file.Files.deleteIfExists(Files.java:1165)
	at org.apache.flink.util.FileUtils.deleteDirectoryInternal(FileUtils.java:332)
	at org.apache.flink.util.FileUtils.deleteFileOrDirectoryInternal(FileUtils.java:308)
	at org.apache.flink.util.FileUtils.guardIfWindows(FileUtils.java:396)
	at org.apache.flink.util.FileUtils.guardIfNotThreadSafe(FileUtils.java:375)
	at org.apache.flink.util.FileUtils.deleteFileOrDirectory(FileUtils.java:247)
	at org.apache.flink.util.FileUtils.cleanDirectoryInternal(FileUtils.java:361)
	at org.apache.flink.util.FileUtils.deleteDirectoryInternal(FileUtils.java:322)
	at org.apache.flink.util.FileUtils.guardIfWindows(FileUtils.java:396)
	at org.apache.flink.util.FileUtils.guardIfNotThreadSafe(FileUtils.java:375)
	at org.apache.flink.util.FileUtils.deleteDirectory(FileUtils.java:265)
	at org.apache.flink.runtime.entrypoint.WorkingDirectory.delete(WorkingDirectory.java:63)
	at org.apache.flink.runtime.minicluster.MiniCluster.deleteDirectories(MiniCluster.java:1313)
	at org.apache.flink.util.concurrent.FutureUtils.lambda$runAfterwardsAsync$15(FutureUtils.java:594)
	at java.util.concurrent.CompletableFuture.uniWhenComplete(CompletableFuture.java:760)
	at java.util.concurrent.CompletableFuture$UniWhenComplete.tryFire(CompletableFuture.java:736)
	at java.util.concurrent.CompletableFuture$Completion.run(CompletableFuture.java:442)
	at org.apache.flink.util.concurrent.DirectExecutorService.execute(DirectExecutorService.java:217)
	at java.util.concurrent.CompletableFuture$UniCompletion.claim(CompletableFuture.java:529)
	at java.util.concurrent.CompletableFuture.uniWhenComplete(CompletableFuture.java:751)
	at java.util.concurrent.CompletableFuture$UniWhenComplete.tryFire(CompletableFuture.java:736)
	at java.util.concurrent.CompletableFuture.postComplete(CompletableFuture.java:474)
	at java.util.concurrent.CompletableFuture.complete(CompletableFuture.java:1962)
	at org.apache.flink.util.concurrent.FutureUtils.lambda$null$16(FutureUtils.java:637)
	at java.util.concurrent.CompletableFuture.uniWhenComplete(CompletableFuture.java:760)
	at java.util.concurrent.CompletableFuture$UniWhenComplete.tryFire(CompletableFuture.java:736)
	at java.util.concurrent.CompletableFuture.postComplete(CompletableFuture.java:474)
	at java.util.concurrent.CompletableFuture$AsyncSupply.run(CompletableFuture.java:1595)
	at java.util.concurrent.CompletableFuture$AsyncSupply.exec(CompletableFuture.java:1582)
	at java.util.concurrent.ForkJoinTask.doExec(ForkJoinTask.java:289)
	at java.util.concurrent.ForkJoinPool$WorkQueue.runTask(ForkJoinPool.java:1056)
	at java.util.concurrent.ForkJoinPool.runWorker(ForkJoinPool.java:1692)
	at java.util.concurrent.ForkJoinWorkerThread.run(ForkJoinWorkerThread.java:157)
2023-05-30 16:35:09.209 [main] WARN  o.apache.flink.runtime.webmonitor.WebMonitorUtils - Log file environment variable 'log.file' is not set.
2023-05-30 16:35:09.209 [main] WARN  o.apache.flink.runtime.webmonitor.WebMonitorUtils - JobManager log files are unavailable in the web dashboard. Log file location not found in environment variable 'log.file' or configuration key 'web.log.path'.
2023-05-30 16:35:10.164 [ForkJoinPool.commonPool-worker-4] WARN  o.a.flink.runtime.minicluster.MiniClusterJobClient - Shutdown of MiniCluster failed.
java.nio.file.DirectoryNotEmptyException: C:\Users\PENGZH~1\AppData\Local\Temp\minicluster_e9b2e197921e11efbd181de5a24ca8a6\tm_0
	at sun.nio.fs.WindowsFileSystemProvider.implDelete(WindowsFileSystemProvider.java:266)
	at sun.nio.fs.AbstractFileSystemProvider.deleteIfExists(AbstractFileSystemProvider.java:108)
	at java.nio.file.Files.deleteIfExists(Files.java:1165)
	at org.apache.flink.util.FileUtils.deleteDirectoryInternal(FileUtils.java:332)
	at org.apache.flink.util.FileUtils.deleteFileOrDirectoryInternal(FileUtils.java:308)
	at org.apache.flink.util.FileUtils.guardIfWindows(FileUtils.java:396)
	at org.apache.flink.util.FileUtils.guardIfNotThreadSafe(FileUtils.java:375)
	at org.apache.flink.util.FileUtils.deleteFileOrDirectory(FileUtils.java:247)
	at org.apache.flink.util.FileUtils.cleanDirectoryInternal(FileUtils.java:361)
	at org.apache.flink.util.FileUtils.deleteDirectoryInternal(FileUtils.java:322)
	at org.apache.flink.util.FileUtils.guardIfWindows(FileUtils.java:396)
	at org.apache.flink.util.FileUtils.guardIfNotThreadSafe(FileUtils.java:375)
	at org.apache.flink.util.FileUtils.deleteDirectory(FileUtils.java:265)
	at org.apache.flink.runtime.entrypoint.WorkingDirectory.delete(WorkingDirectory.java:63)
	at org.apache.flink.runtime.minicluster.MiniCluster.deleteDirectories(MiniCluster.java:1313)
	at org.apache.flink.util.concurrent.FutureUtils.lambda$runAfterwardsAsync$15(FutureUtils.java:594)
	at java.util.concurrent.CompletableFuture.uniWhenComplete(CompletableFuture.java:760)
	at java.util.concurrent.CompletableFuture$UniWhenComplete.tryFire(CompletableFuture.java:736)
	at java.util.concurrent.CompletableFuture$Completion.run(CompletableFuture.java:442)
	at org.apache.flink.util.concurrent.DirectExecutorService.execute(DirectExecutorService.java:217)
	at java.util.concurrent.CompletableFuture$UniCompletion.claim(CompletableFuture.java:529)
	at java.util.concurrent.CompletableFuture.uniWhenComplete(CompletableFuture.java:751)
	at java.util.concurrent.CompletableFuture$UniWhenComplete.tryFire(CompletableFuture.java:736)
	at java.util.concurrent.CompletableFuture.postComplete(CompletableFuture.java:474)
	at java.util.concurrent.CompletableFuture.complete(CompletableFuture.java:1962)
	at org.apache.flink.util.concurrent.FutureUtils.lambda$null$16(FutureUtils.java:637)
	at java.util.concurrent.CompletableFuture.uniWhenComplete(CompletableFuture.java:760)
	at java.util.concurrent.CompletableFuture$UniWhenComplete.tryFire(CompletableFuture.java:736)
	at java.util.concurrent.CompletableFuture.postComplete(CompletableFuture.java:474)
	at java.util.concurrent.CompletableFuture$AsyncSupply.run(CompletableFuture.java:1595)
	at java.util.concurrent.CompletableFuture$AsyncSupply.exec(CompletableFuture.java:1582)
	at java.util.concurrent.ForkJoinTask.doExec(ForkJoinTask.java:289)
	at java.util.concurrent.ForkJoinPool$WorkQueue.runTask(ForkJoinPool.java:1056)
	at java.util.concurrent.ForkJoinPool.runWorker(ForkJoinPool.java:1692)
	at java.util.concurrent.ForkJoinWorkerThread.run(ForkJoinWorkerThread.java:157)
2023-05-30 16:35:52.186 [main] WARN  o.apache.flink.runtime.webmonitor.WebMonitorUtils - Log file environment variable 'log.file' is not set.
2023-05-30 16:35:52.187 [main] WARN  o.apache.flink.runtime.webmonitor.WebMonitorUtils - JobManager log files are unavailable in the web dashboard. Log file location not found in environment variable 'log.file' or configuration key 'web.log.path'.
2023-05-30 16:35:53.186 [ForkJoinPool.commonPool-worker-9] WARN  o.a.flink.runtime.minicluster.MiniClusterJobClient - Shutdown of MiniCluster failed.
java.nio.file.DirectoryNotEmptyException: C:\Users\PENGZH~1\AppData\Local\Temp\minicluster_94fa9fa93e43951415f8e5e8a8649dec\tm_0
	at sun.nio.fs.WindowsFileSystemProvider.implDelete(WindowsFileSystemProvider.java:266)
	at sun.nio.fs.AbstractFileSystemProvider.deleteIfExists(AbstractFileSystemProvider.java:108)
	at java.nio.file.Files.deleteIfExists(Files.java:1165)
	at org.apache.flink.util.FileUtils.deleteDirectoryInternal(FileUtils.java:332)
	at org.apache.flink.util.FileUtils.deleteFileOrDirectoryInternal(FileUtils.java:308)
	at org.apache.flink.util.FileUtils.guardIfWindows(FileUtils.java:396)
	at org.apache.flink.util.FileUtils.guardIfNotThreadSafe(FileUtils.java:375)
	at org.apache.flink.util.FileUtils.deleteFileOrDirectory(FileUtils.java:247)
	at org.apache.flink.util.FileUtils.cleanDirectoryInternal(FileUtils.java:361)
	at org.apache.flink.util.FileUtils.deleteDirectoryInternal(FileUtils.java:322)
	at org.apache.flink.util.FileUtils.guardIfWindows(FileUtils.java:396)
	at org.apache.flink.util.FileUtils.guardIfNotThreadSafe(FileUtils.java:375)
	at org.apache.flink.util.FileUtils.deleteDirectory(FileUtils.java:265)
	at org.apache.flink.runtime.entrypoint.WorkingDirectory.delete(WorkingDirectory.java:63)
	at org.apache.flink.runtime.minicluster.MiniCluster.deleteDirectories(MiniCluster.java:1313)
	at org.apache.flink.util.concurrent.FutureUtils.lambda$runAfterwardsAsync$15(FutureUtils.java:594)
	at java.util.concurrent.CompletableFuture.uniWhenComplete(CompletableFuture.java:760)
	at java.util.concurrent.CompletableFuture$UniWhenComplete.tryFire(CompletableFuture.java:736)
	at java.util.concurrent.CompletableFuture$Completion.run(CompletableFuture.java:442)
	at org.apache.flink.util.concurrent.DirectExecutorService.execute(DirectExecutorService.java:217)
	at java.util.concurrent.CompletableFuture$UniCompletion.claim(CompletableFuture.java:529)
	at java.util.concurrent.CompletableFuture.uniWhenComplete(CompletableFuture.java:751)
	at java.util.concurrent.CompletableFuture$UniWhenComplete.tryFire(CompletableFuture.java:736)
	at java.util.concurrent.CompletableFuture.postComplete(CompletableFuture.java:474)
	at java.util.concurrent.CompletableFuture.complete(CompletableFuture.java:1962)
	at org.apache.flink.util.concurrent.FutureUtils.lambda$null$16(FutureUtils.java:637)
	at java.util.concurrent.CompletableFuture.uniWhenComplete(CompletableFuture.java:760)
	at java.util.concurrent.CompletableFuture$UniWhenComplete.tryFire(CompletableFuture.java:736)
	at java.util.concurrent.CompletableFuture.postComplete(CompletableFuture.java:474)
	at java.util.concurrent.CompletableFuture$AsyncSupply.run(CompletableFuture.java:1595)
	at java.util.concurrent.CompletableFuture$AsyncSupply.exec(CompletableFuture.java:1582)
	at java.util.concurrent.ForkJoinTask.doExec(ForkJoinTask.java:289)
	at java.util.concurrent.ForkJoinPool$WorkQueue.runTask(ForkJoinPool.java:1056)
	at java.util.concurrent.ForkJoinPool.runWorker(ForkJoinPool.java:1692)
	at java.util.concurrent.ForkJoinWorkerThread.run(ForkJoinWorkerThread.java:157)
2023-05-30 16:57:15.208 [main] WARN  o.apache.flink.runtime.webmonitor.WebMonitorUtils - Log file environment variable 'log.file' is not set.
2023-05-30 16:57:15.208 [main] WARN  o.apache.flink.runtime.webmonitor.WebMonitorUtils - JobManager log files are unavailable in the web dashboard. Log file location not found in environment variable 'log.file' or configuration key 'web.log.path'.
2023-05-30 16:57:16.156 [ForkJoinPool.commonPool-worker-9] WARN  o.a.flink.runtime.minicluster.MiniClusterJobClient - Shutdown of MiniCluster failed.
java.nio.file.DirectoryNotEmptyException: C:\Users\PENGZH~1\AppData\Local\Temp\minicluster_7936e1c5eeaa389017653d04c08df862\tm_0
	at sun.nio.fs.WindowsFileSystemProvider.implDelete(WindowsFileSystemProvider.java:266)
	at sun.nio.fs.AbstractFileSystemProvider.deleteIfExists(AbstractFileSystemProvider.java:108)
	at java.nio.file.Files.deleteIfExists(Files.java:1165)
	at org.apache.flink.util.FileUtils.deleteDirectoryInternal(FileUtils.java:332)
	at org.apache.flink.util.FileUtils.deleteFileOrDirectoryInternal(FileUtils.java:308)
	at org.apache.flink.util.FileUtils.guardIfWindows(FileUtils.java:396)
	at org.apache.flink.util.FileUtils.guardIfNotThreadSafe(FileUtils.java:375)
	at org.apache.flink.util.FileUtils.deleteFileOrDirectory(FileUtils.java:247)
	at org.apache.flink.util.FileUtils.cleanDirectoryInternal(FileUtils.java:361)
	at org.apache.flink.util.FileUtils.deleteDirectoryInternal(FileUtils.java:322)
	at org.apache.flink.util.FileUtils.guardIfWindows(FileUtils.java:396)
	at org.apache.flink.util.FileUtils.guardIfNotThreadSafe(FileUtils.java:375)
	at org.apache.flink.util.FileUtils.deleteDirectory(FileUtils.java:265)
	at org.apache.flink.runtime.entrypoint.WorkingDirectory.delete(WorkingDirectory.java:63)
	at org.apache.flink.runtime.minicluster.MiniCluster.deleteDirectories(MiniCluster.java:1313)
	at org.apache.flink.util.concurrent.FutureUtils.lambda$runAfterwardsAsync$15(FutureUtils.java:594)
	at java.util.concurrent.CompletableFuture.uniWhenComplete(CompletableFuture.java:760)
	at java.util.concurrent.CompletableFuture$UniWhenComplete.tryFire(CompletableFuture.java:736)
	at java.util.concurrent.CompletableFuture$Completion.run(CompletableFuture.java:442)
	at org.apache.flink.util.concurrent.DirectExecutorService.execute(DirectExecutorService.java:217)
	at java.util.concurrent.CompletableFuture$UniCompletion.claim(CompletableFuture.java:529)
	at java.util.concurrent.CompletableFuture.uniWhenComplete(CompletableFuture.java:751)
	at java.util.concurrent.CompletableFuture$UniWhenComplete.tryFire(CompletableFuture.java:736)
	at java.util.concurrent.CompletableFuture.postComplete(CompletableFuture.java:474)
	at java.util.concurrent.CompletableFuture.complete(CompletableFuture.java:1962)
	at org.apache.flink.util.concurrent.FutureUtils.lambda$null$16(FutureUtils.java:637)
	at java.util.concurrent.CompletableFuture.uniWhenComplete(CompletableFuture.java:760)
	at java.util.concurrent.CompletableFuture$UniWhenComplete.tryFire(CompletableFuture.java:736)
	at java.util.concurrent.CompletableFuture.postComplete(CompletableFuture.java:474)
	at java.util.concurrent.CompletableFuture$AsyncSupply.run(CompletableFuture.java:1595)
	at java.util.concurrent.CompletableFuture$AsyncSupply.exec(CompletableFuture.java:1582)
	at java.util.concurrent.ForkJoinTask.doExec(ForkJoinTask.java:289)
	at java.util.concurrent.ForkJoinPool$WorkQueue.runTask(ForkJoinPool.java:1056)
	at java.util.concurrent.ForkJoinPool.runWorker(ForkJoinPool.java:1692)
	at java.util.concurrent.ForkJoinWorkerThread.run(ForkJoinWorkerThread.java:157)
2023-05-30 17:00:00.422 [main] WARN  o.apache.flink.runtime.webmonitor.WebMonitorUtils - Log file environment variable 'log.file' is not set.
2023-05-30 17:00:00.422 [main] WARN  o.apache.flink.runtime.webmonitor.WebMonitorUtils - JobManager log files are unavailable in the web dashboard. Log file location not found in environment variable 'log.file' or configuration key 'web.log.path'.
2023-05-30 17:00:39.089 [main] WARN  o.apache.flink.runtime.webmonitor.WebMonitorUtils - Log file environment variable 'log.file' is not set.
2023-05-30 17:00:39.089 [main] WARN  o.apache.flink.runtime.webmonitor.WebMonitorUtils - JobManager log files are unavailable in the web dashboard. Log file location not found in environment variable 'log.file' or configuration key 'web.log.path'.
2023-05-30 17:01:03.654 [main] WARN  o.apache.flink.runtime.webmonitor.WebMonitorUtils - Log file environment variable 'log.file' is not set.
2023-05-30 17:01:03.654 [main] WARN  o.apache.flink.runtime.webmonitor.WebMonitorUtils - JobManager log files are unavailable in the web dashboard. Log file location not found in environment variable 'log.file' or configuration key 'web.log.path'.
2023-05-31 15:23:17.408 [main] WARN  o.apache.flink.runtime.webmonitor.WebMonitorUtils - Log file environment variable 'log.file' is not set.
2023-05-31 15:23:17.410 [main] WARN  o.apache.flink.runtime.webmonitor.WebMonitorUtils - JobManager log files are unavailable in the web dashboard. Log file location not found in environment variable 'log.file' or configuration key 'web.log.path'.
2023-05-31 15:23:18.357 [ForkJoinPool.commonPool-worker-2] WARN  o.a.flink.runtime.minicluster.MiniClusterJobClient - Shutdown of MiniCluster failed.
java.nio.file.DirectoryNotEmptyException: C:\Users\PENGZH~1\AppData\Local\Temp\minicluster_7e8daa82215dc2d0fd1b2bac48016e80\tm_0
	at sun.nio.fs.WindowsFileSystemProvider.implDelete(WindowsFileSystemProvider.java:266)
	at sun.nio.fs.AbstractFileSystemProvider.deleteIfExists(AbstractFileSystemProvider.java:108)
	at java.nio.file.Files.deleteIfExists(Files.java:1165)
	at org.apache.flink.util.FileUtils.deleteDirectoryInternal(FileUtils.java:332)
	at org.apache.flink.util.FileUtils.deleteFileOrDirectoryInternal(FileUtils.java:308)
	at org.apache.flink.util.FileUtils.guardIfWindows(FileUtils.java:396)
	at org.apache.flink.util.FileUtils.guardIfNotThreadSafe(FileUtils.java:375)
	at org.apache.flink.util.FileUtils.deleteFileOrDirectory(FileUtils.java:247)
	at org.apache.flink.util.FileUtils.cleanDirectoryInternal(FileUtils.java:361)
	at org.apache.flink.util.FileUtils.deleteDirectoryInternal(FileUtils.java:322)
	at org.apache.flink.util.FileUtils.guardIfWindows(FileUtils.java:396)
	at org.apache.flink.util.FileUtils.guardIfNotThreadSafe(FileUtils.java:375)
	at org.apache.flink.util.FileUtils.deleteDirectory(FileUtils.java:265)
	at org.apache.flink.runtime.entrypoint.WorkingDirectory.delete(WorkingDirectory.java:63)
	at org.apache.flink.runtime.minicluster.MiniCluster.deleteDirectories(MiniCluster.java:1313)
	at org.apache.flink.util.concurrent.FutureUtils.lambda$runAfterwardsAsync$15(FutureUtils.java:594)
	at java.util.concurrent.CompletableFuture.uniWhenComplete(CompletableFuture.java:760)
	at java.util.concurrent.CompletableFuture$UniWhenComplete.tryFire(CompletableFuture.java:736)
	at java.util.concurrent.CompletableFuture$Completion.run(CompletableFuture.java:442)
	at org.apache.flink.util.concurrent.DirectExecutorService.execute(DirectExecutorService.java:217)
	at java.util.concurrent.CompletableFuture$UniCompletion.claim(CompletableFuture.java:529)
	at java.util.concurrent.CompletableFuture.uniWhenComplete(CompletableFuture.java:751)
	at java.util.concurrent.CompletableFuture$UniWhenComplete.tryFire(CompletableFuture.java:736)
	at java.util.concurrent.CompletableFuture.postComplete(CompletableFuture.java:474)
	at java.util.concurrent.CompletableFuture.complete(CompletableFuture.java:1962)
	at org.apache.flink.util.concurrent.FutureUtils.lambda$null$16(FutureUtils.java:637)
	at java.util.concurrent.CompletableFuture.uniWhenComplete(CompletableFuture.java:760)
	at java.util.concurrent.CompletableFuture$UniWhenComplete.tryFire(CompletableFuture.java:736)
	at java.util.concurrent.CompletableFuture.postComplete(CompletableFuture.java:474)
	at java.util.concurrent.CompletableFuture$AsyncSupply.run(CompletableFuture.java:1595)
	at java.util.concurrent.CompletableFuture$AsyncSupply.exec(CompletableFuture.java:1582)
	at java.util.concurrent.ForkJoinTask.doExec(ForkJoinTask.java:289)
	at java.util.concurrent.ForkJoinPool$WorkQueue.runTask(ForkJoinPool.java:1056)
	at java.util.concurrent.ForkJoinPool.runWorker(ForkJoinPool.java:1692)
	at java.util.concurrent.ForkJoinWorkerThread.run(ForkJoinWorkerThread.java:157)
2023-05-31 15:23:41.321 [main] WARN  o.apache.flink.runtime.webmonitor.WebMonitorUtils - Log file environment variable 'log.file' is not set.
2023-05-31 15:23:41.321 [main] WARN  o.apache.flink.runtime.webmonitor.WebMonitorUtils - JobManager log files are unavailable in the web dashboard. Log file location not found in environment variable 'log.file' or configuration key 'web.log.path'.
2023-05-31 15:23:42.201 [ForkJoinPool.commonPool-worker-9] WARN  o.a.flink.runtime.minicluster.MiniClusterJobClient - Shutdown of MiniCluster failed.
java.nio.file.DirectoryNotEmptyException: C:\Users\PENGZH~1\AppData\Local\Temp\minicluster_d753320b7955ef3fa366ffe6736ce4f2\tm_0
	at sun.nio.fs.WindowsFileSystemProvider.implDelete(WindowsFileSystemProvider.java:266)
	at sun.nio.fs.AbstractFileSystemProvider.deleteIfExists(AbstractFileSystemProvider.java:108)
	at java.nio.file.Files.deleteIfExists(Files.java:1165)
	at org.apache.flink.util.FileUtils.deleteDirectoryInternal(FileUtils.java:332)
	at org.apache.flink.util.FileUtils.deleteFileOrDirectoryInternal(FileUtils.java:308)
	at org.apache.flink.util.FileUtils.guardIfWindows(FileUtils.java:396)
	at org.apache.flink.util.FileUtils.guardIfNotThreadSafe(FileUtils.java:375)
	at org.apache.flink.util.FileUtils.deleteFileOrDirectory(FileUtils.java:247)
	at org.apache.flink.util.FileUtils.cleanDirectoryInternal(FileUtils.java:361)
	at org.apache.flink.util.FileUtils.deleteDirectoryInternal(FileUtils.java:322)
	at org.apache.flink.util.FileUtils.guardIfWindows(FileUtils.java:396)
	at org.apache.flink.util.FileUtils.guardIfNotThreadSafe(FileUtils.java:375)
	at org.apache.flink.util.FileUtils.deleteDirectory(FileUtils.java:265)
	at org.apache.flink.runtime.entrypoint.WorkingDirectory.delete(WorkingDirectory.java:63)
	at org.apache.flink.runtime.minicluster.MiniCluster.deleteDirectories(MiniCluster.java:1313)
	at org.apache.flink.util.concurrent.FutureUtils.lambda$runAfterwardsAsync$15(FutureUtils.java:594)
	at java.util.concurrent.CompletableFuture.uniWhenComplete(CompletableFuture.java:760)
	at java.util.concurrent.CompletableFuture$UniWhenComplete.tryFire(CompletableFuture.java:736)
	at java.util.concurrent.CompletableFuture$Completion.run(CompletableFuture.java:442)
	at org.apache.flink.util.concurrent.DirectExecutorService.execute(DirectExecutorService.java:217)
	at java.util.concurrent.CompletableFuture$UniCompletion.claim(CompletableFuture.java:529)
	at java.util.concurrent.CompletableFuture.uniWhenComplete(CompletableFuture.java:751)
	at java.util.concurrent.CompletableFuture$UniWhenComplete.tryFire(CompletableFuture.java:736)
	at java.util.concurrent.CompletableFuture.postComplete(CompletableFuture.java:474)
	at java.util.concurrent.CompletableFuture.complete(CompletableFuture.java:1962)
	at org.apache.flink.util.concurrent.FutureUtils.lambda$null$16(FutureUtils.java:637)
	at java.util.concurrent.CompletableFuture.uniWhenComplete(CompletableFuture.java:760)
	at java.util.concurrent.CompletableFuture$UniWhenComplete.tryFire(CompletableFuture.java:736)
	at java.util.concurrent.CompletableFuture.postComplete(CompletableFuture.java:474)
	at java.util.concurrent.CompletableFuture$AsyncSupply.run(CompletableFuture.java:1595)
	at java.util.concurrent.CompletableFuture$AsyncSupply.exec(CompletableFuture.java:1582)
	at java.util.concurrent.ForkJoinTask.doExec(ForkJoinTask.java:289)
	at java.util.concurrent.ForkJoinPool$WorkQueue.runTask(ForkJoinPool.java:1056)
	at java.util.concurrent.ForkJoinPool.runWorker(ForkJoinPool.java:1692)
	at java.util.concurrent.ForkJoinWorkerThread.run(ForkJoinWorkerThread.java:157)
2023-05-31 15:24:12.617 [main] WARN  o.apache.flink.runtime.webmonitor.WebMonitorUtils - Log file environment variable 'log.file' is not set.
2023-05-31 15:24:12.617 [main] WARN  o.apache.flink.runtime.webmonitor.WebMonitorUtils - JobManager log files are unavailable in the web dashboard. Log file location not found in environment variable 'log.file' or configuration key 'web.log.path'.
2023-05-31 15:24:13.519 [ForkJoinPool.commonPool-worker-11] WARN  o.a.flink.runtime.minicluster.MiniClusterJobClient - Shutdown of MiniCluster failed.
java.nio.file.DirectoryNotEmptyException: C:\Users\PENGZH~1\AppData\Local\Temp\minicluster_8450b8f577a86898303a051da40b79aa\tm_0
	at sun.nio.fs.WindowsFileSystemProvider.implDelete(WindowsFileSystemProvider.java:266)
	at sun.nio.fs.AbstractFileSystemProvider.deleteIfExists(AbstractFileSystemProvider.java:108)
	at java.nio.file.Files.deleteIfExists(Files.java:1165)
	at org.apache.flink.util.FileUtils.deleteDirectoryInternal(FileUtils.java:332)
	at org.apache.flink.util.FileUtils.deleteFileOrDirectoryInternal(FileUtils.java:308)
	at org.apache.flink.util.FileUtils.guardIfWindows(FileUtils.java:396)
	at org.apache.flink.util.FileUtils.guardIfNotThreadSafe(FileUtils.java:375)
	at org.apache.flink.util.FileUtils.deleteFileOrDirectory(FileUtils.java:247)
	at org.apache.flink.util.FileUtils.cleanDirectoryInternal(FileUtils.java:361)
	at org.apache.flink.util.FileUtils.deleteDirectoryInternal(FileUtils.java:322)
	at org.apache.flink.util.FileUtils.guardIfWindows(FileUtils.java:396)
	at org.apache.flink.util.FileUtils.guardIfNotThreadSafe(FileUtils.java:375)
	at org.apache.flink.util.FileUtils.deleteDirectory(FileUtils.java:265)
	at org.apache.flink.runtime.entrypoint.WorkingDirectory.delete(WorkingDirectory.java:63)
	at org.apache.flink.runtime.minicluster.MiniCluster.deleteDirectories(MiniCluster.java:1313)
	at org.apache.flink.util.concurrent.FutureUtils.lambda$runAfterwardsAsync$15(FutureUtils.java:594)
	at java.util.concurrent.CompletableFuture.uniWhenComplete(CompletableFuture.java:760)
	at java.util.concurrent.CompletableFuture$UniWhenComplete.tryFire(CompletableFuture.java:736)
	at java.util.concurrent.CompletableFuture$Completion.run(CompletableFuture.java:442)
	at org.apache.flink.util.concurrent.DirectExecutorService.execute(DirectExecutorService.java:217)
	at java.util.concurrent.CompletableFuture$UniCompletion.claim(CompletableFuture.java:529)
	at java.util.concurrent.CompletableFuture.uniWhenComplete(CompletableFuture.java:751)
	at java.util.concurrent.CompletableFuture$UniWhenComplete.tryFire(CompletableFuture.java:736)
	at java.util.concurrent.CompletableFuture.postComplete(CompletableFuture.java:474)
	at java.util.concurrent.CompletableFuture.complete(CompletableFuture.java:1962)
	at org.apache.flink.util.concurrent.FutureUtils.lambda$null$16(FutureUtils.java:637)
	at java.util.concurrent.CompletableFuture.uniWhenComplete(CompletableFuture.java:760)
	at java.util.concurrent.CompletableFuture$UniWhenComplete.tryFire(CompletableFuture.java:736)
	at java.util.concurrent.CompletableFuture.postComplete(CompletableFuture.java:474)
	at java.util.concurrent.CompletableFuture$AsyncSupply.run(CompletableFuture.java:1595)
	at java.util.concurrent.CompletableFuture$AsyncSupply.exec(CompletableFuture.java:1582)
	at java.util.concurrent.ForkJoinTask.doExec(ForkJoinTask.java:289)
	at java.util.concurrent.ForkJoinPool$WorkQueue.runTask(ForkJoinPool.java:1056)
	at java.util.concurrent.ForkJoinPool.runWorker(ForkJoinPool.java:1692)
	at java.util.concurrent.ForkJoinWorkerThread.run(ForkJoinWorkerThread.java:157)
2023-05-31 17:39:29.890 [main] WARN  o.apache.flink.runtime.webmonitor.WebMonitorUtils - Log file environment variable 'log.file' is not set.
2023-05-31 17:39:29.890 [main] WARN  o.apache.flink.runtime.webmonitor.WebMonitorUtils - JobManager log files are unavailable in the web dashboard. Log file location not found in environment variable 'log.file' or configuration key 'web.log.path'.
2023-05-31 17:39:30.801 [ForkJoinPool.commonPool-worker-4] WARN  o.a.flink.runtime.minicluster.MiniClusterJobClient - Shutdown of MiniCluster failed.
java.nio.file.DirectoryNotEmptyException: C:\Users\PENGZH~1\AppData\Local\Temp\minicluster_e1fe8d1c0611174239b149830cd2cd3b\tm_0
	at sun.nio.fs.WindowsFileSystemProvider.implDelete(WindowsFileSystemProvider.java:266)
	at sun.nio.fs.AbstractFileSystemProvider.deleteIfExists(AbstractFileSystemProvider.java:108)
	at java.nio.file.Files.deleteIfExists(Files.java:1165)
	at org.apache.flink.util.FileUtils.deleteDirectoryInternal(FileUtils.java:332)
	at org.apache.flink.util.FileUtils.deleteFileOrDirectoryInternal(FileUtils.java:308)
	at org.apache.flink.util.FileUtils.guardIfWindows(FileUtils.java:396)
	at org.apache.flink.util.FileUtils.guardIfNotThreadSafe(FileUtils.java:375)
	at org.apache.flink.util.FileUtils.deleteFileOrDirectory(FileUtils.java:247)
	at org.apache.flink.util.FileUtils.cleanDirectoryInternal(FileUtils.java:361)
	at org.apache.flink.util.FileUtils.deleteDirectoryInternal(FileUtils.java:322)
	at org.apache.flink.util.FileUtils.guardIfWindows(FileUtils.java:396)
	at org.apache.flink.util.FileUtils.guardIfNotThreadSafe(FileUtils.java:375)
	at org.apache.flink.util.FileUtils.deleteDirectory(FileUtils.java:265)
	at org.apache.flink.runtime.entrypoint.WorkingDirectory.delete(WorkingDirectory.java:63)
	at org.apache.flink.runtime.minicluster.MiniCluster.deleteDirectories(MiniCluster.java:1313)
	at org.apache.flink.util.concurrent.FutureUtils.lambda$runAfterwardsAsync$15(FutureUtils.java:594)
	at java.util.concurrent.CompletableFuture.uniWhenComplete(CompletableFuture.java:760)
	at java.util.concurrent.CompletableFuture$UniWhenComplete.tryFire(CompletableFuture.java:736)
	at java.util.concurrent.CompletableFuture$Completion.run(CompletableFuture.java:442)
	at org.apache.flink.util.concurrent.DirectExecutorService.execute(DirectExecutorService.java:217)
	at java.util.concurrent.CompletableFuture$UniCompletion.claim(CompletableFuture.java:529)
	at java.util.concurrent.CompletableFuture.uniWhenComplete(CompletableFuture.java:751)
	at java.util.concurrent.CompletableFuture$UniWhenComplete.tryFire(CompletableFuture.java:736)
	at java.util.concurrent.CompletableFuture.postComplete(CompletableFuture.java:474)
	at java.util.concurrent.CompletableFuture.complete(CompletableFuture.java:1962)
	at org.apache.flink.util.concurrent.FutureUtils.lambda$null$16(FutureUtils.java:637)
	at java.util.concurrent.CompletableFuture.uniWhenComplete(CompletableFuture.java:760)
	at java.util.concurrent.CompletableFuture$UniWhenComplete.tryFire(CompletableFuture.java:736)
	at java.util.concurrent.CompletableFuture.postComplete(CompletableFuture.java:474)
	at java.util.concurrent.CompletableFuture$AsyncSupply.run(CompletableFuture.java:1595)
	at java.util.concurrent.CompletableFuture$AsyncSupply.exec(CompletableFuture.java:1582)
	at java.util.concurrent.ForkJoinTask.doExec(ForkJoinTask.java:289)
	at java.util.concurrent.ForkJoinPool$WorkQueue.runTask(ForkJoinPool.java:1056)
	at java.util.concurrent.ForkJoinPool.runWorker(ForkJoinPool.java:1692)
	at java.util.concurrent.ForkJoinWorkerThread.run(ForkJoinWorkerThread.java:157)
2023-05-31 17:41:15.539 [main] WARN  o.apache.flink.runtime.webmonitor.WebMonitorUtils - Log file environment variable 'log.file' is not set.
2023-05-31 17:41:15.539 [main] WARN  o.apache.flink.runtime.webmonitor.WebMonitorUtils - JobManager log files are unavailable in the web dashboard. Log file location not found in environment variable 'log.file' or configuration key 'web.log.path'.
2023-05-31 17:41:22.950 [main] WARN  o.apache.flink.runtime.webmonitor.WebMonitorUtils - Log file environment variable 'log.file' is not set.
2023-05-31 17:41:22.950 [main] WARN  o.apache.flink.runtime.webmonitor.WebMonitorUtils - JobManager log files are unavailable in the web dashboard. Log file location not found in environment variable 'log.file' or configuration key 'web.log.path'.
2023-05-31 17:41:23.867 [ForkJoinPool.commonPool-worker-11] WARN  o.a.flink.runtime.minicluster.MiniClusterJobClient - Shutdown of MiniCluster failed.
java.nio.file.DirectoryNotEmptyException: C:\Users\PENGZH~1\AppData\Local\Temp\minicluster_44cd4bb215d237bee9aa17d1e1decaaa\tm_0
	at sun.nio.fs.WindowsFileSystemProvider.implDelete(WindowsFileSystemProvider.java:266)
	at sun.nio.fs.AbstractFileSystemProvider.deleteIfExists(AbstractFileSystemProvider.java:108)
	at java.nio.file.Files.deleteIfExists(Files.java:1165)
	at org.apache.flink.util.FileUtils.deleteDirectoryInternal(FileUtils.java:332)
	at org.apache.flink.util.FileUtils.deleteFileOrDirectoryInternal(FileUtils.java:308)
	at org.apache.flink.util.FileUtils.guardIfWindows(FileUtils.java:396)
	at org.apache.flink.util.FileUtils.guardIfNotThreadSafe(FileUtils.java:375)
	at org.apache.flink.util.FileUtils.deleteFileOrDirectory(FileUtils.java:247)
	at org.apache.flink.util.FileUtils.cleanDirectoryInternal(FileUtils.java:361)
	at org.apache.flink.util.FileUtils.deleteDirectoryInternal(FileUtils.java:322)
	at org.apache.flink.util.FileUtils.guardIfWindows(FileUtils.java:396)
	at org.apache.flink.util.FileUtils.guardIfNotThreadSafe(FileUtils.java:375)
	at org.apache.flink.util.FileUtils.deleteDirectory(FileUtils.java:265)
	at org.apache.flink.runtime.entrypoint.WorkingDirectory.delete(WorkingDirectory.java:63)
	at org.apache.flink.runtime.minicluster.MiniCluster.deleteDirectories(MiniCluster.java:1313)
	at org.apache.flink.util.concurrent.FutureUtils.lambda$runAfterwardsAsync$15(FutureUtils.java:594)
	at java.util.concurrent.CompletableFuture.uniWhenComplete(CompletableFuture.java:760)
	at java.util.concurrent.CompletableFuture$UniWhenComplete.tryFire(CompletableFuture.java:736)
	at java.util.concurrent.CompletableFuture$Completion.run(CompletableFuture.java:442)
	at org.apache.flink.util.concurrent.DirectExecutorService.execute(DirectExecutorService.java:217)
	at java.util.concurrent.CompletableFuture$UniCompletion.claim(CompletableFuture.java:529)
	at java.util.concurrent.CompletableFuture.uniWhenComplete(CompletableFuture.java:751)
	at java.util.concurrent.CompletableFuture$UniWhenComplete.tryFire(CompletableFuture.java:736)
	at java.util.concurrent.CompletableFuture.postComplete(CompletableFuture.java:474)
	at java.util.concurrent.CompletableFuture.complete(CompletableFuture.java:1962)
	at org.apache.flink.util.concurrent.FutureUtils.lambda$null$16(FutureUtils.java:637)
	at java.util.concurrent.CompletableFuture.uniWhenComplete(CompletableFuture.java:760)
	at java.util.concurrent.CompletableFuture$UniWhenComplete.tryFire(CompletableFuture.java:736)
	at java.util.concurrent.CompletableFuture.postComplete(CompletableFuture.java:474)
	at java.util.concurrent.CompletableFuture$AsyncSupply.run(CompletableFuture.java:1595)
	at java.util.concurrent.CompletableFuture$AsyncSupply.exec(CompletableFuture.java:1582)
	at java.util.concurrent.ForkJoinTask.doExec(ForkJoinTask.java:289)
	at java.util.concurrent.ForkJoinPool$WorkQueue.runTask(ForkJoinPool.java:1056)
	at java.util.concurrent.ForkJoinPool.runWorker(ForkJoinPool.java:1692)
	at java.util.concurrent.ForkJoinWorkerThread.run(ForkJoinWorkerThread.java:157)
