2023-07-03 10:41:04.182 [flink-akka.actor.default-dispatcher-17] WARN  org.apache.flink.runtime.taskmanager.Task - Map (3/4)#0 (853c5322ea43a8f01b19249e3174abc5_0a448493b4782967b150582570326227_2_0) switched from RUNNING to FAILED with failure cause: org.apache.flink.util.FlinkException: Disconnect from JobManager responsible for 0a69e0b0c0c7c74a3d1694deeff4e508.
	at org.apache.flink.runtime.taskexecutor.TaskExecutor.disconnectJobManagerConnection(TaskExecutor.java:1702)
	at org.apache.flink.runtime.taskexecutor.TaskExecutor.disconnectAndTryReconnectToJobManager(TaskExecutor.java:1270)
	at org.apache.flink.runtime.taskexecutor.TaskExecutor.access$3900(TaskExecutor.java:183)
	at org.apache.flink.runtime.taskexecutor.TaskExecutor$JobManagerHeartbeatListener.lambda$handleJobManagerConnectionLoss$0(TaskExecutor.java:2469)
	at java.util.Optional.ifPresent(Optional.java:159)
	at org.apache.flink.runtime.taskexecutor.TaskExecutor$JobManagerHeartbeatListener.handleJobManagerConnectionLoss(TaskExecutor.java:2467)
	at org.apache.flink.runtime.taskexecutor.TaskExecutor$JobManagerHeartbeatListener.notifyHeartbeatTimeout(TaskExecutor.java:2450)
	at org.apache.flink.runtime.heartbeat.HeartbeatMonitorImpl.run(HeartbeatMonitorImpl.java:155)
	at java.util.concurrent.Executors$RunnableAdapter.call(Executors.java:511)
	at java.util.concurrent.FutureTask.run$$$capture(FutureTask.java:266)
	at java.util.concurrent.FutureTask.run(FutureTask.java)
	at org.apache.flink.runtime.rpc.akka.AkkaRpcActor.lambda$handleRunAsync$4(AkkaRpcActor.java:453)
	at org.apache.flink.runtime.concurrent.akka.ClassLoadingUtils.runWithContextClassLoader(ClassLoadingUtils.java:68)
	at org.apache.flink.runtime.rpc.akka.AkkaRpcActor.handleRunAsync(AkkaRpcActor.java:453)
	at org.apache.flink.runtime.rpc.akka.AkkaRpcActor.handleRpcMessage(AkkaRpcActor.java:218)
	at org.apache.flink.runtime.rpc.akka.AkkaRpcActor.handleMessage(AkkaRpcActor.java:168)
	at akka.japi.pf.UnitCaseStatement.apply(CaseStatements.scala:24)
	at akka.japi.pf.UnitCaseStatement.apply(CaseStatements.scala:20)
	at scala.PartialFunction.applyOrElse(PartialFunction.scala:123)
	at scala.PartialFunction.applyOrElse$(PartialFunction.scala:122)
	at akka.japi.pf.UnitCaseStatement.applyOrElse(CaseStatements.scala:20)
	at scala.PartialFunction$OrElse.applyOrElse(PartialFunction.scala:171)
	at scala.PartialFunction$OrElse.applyOrElse(PartialFunction.scala:172)
	at scala.PartialFunction$OrElse.applyOrElse(PartialFunction.scala:172)
	at akka.actor.Actor.aroundReceive(Actor.scala:537)
	at akka.actor.Actor.aroundReceive$(Actor.scala:535)
	at akka.actor.AbstractActor.aroundReceive(AbstractActor.scala:220)
	at akka.actor.ActorCell.receiveMessage$$$capture(ActorCell.scala:580)
	at akka.actor.ActorCell.receiveMessage(ActorCell.scala)
	at akka.actor.ActorCell.invoke(ActorCell.scala:548)
	at akka.dispatch.Mailbox.processMailbox(Mailbox.scala:270)
	at akka.dispatch.Mailbox.run(Mailbox.scala:231)
	at akka.dispatch.Mailbox.exec(Mailbox.scala:243)
	at java.util.concurrent.ForkJoinTask.doExec$$$capture(ForkJoinTask.java:289)
	at java.util.concurrent.ForkJoinTask.doExec(ForkJoinTask.java)
	at java.util.concurrent.ForkJoinPool$WorkQueue.runTask(ForkJoinPool.java:1056)
	at java.util.concurrent.ForkJoinPool.runWorker(ForkJoinPool.java:1692)
	at java.util.concurrent.ForkJoinWorkerThread.run(ForkJoinWorkerThread.java:157)
Caused by: java.util.concurrent.TimeoutException: The heartbeat of JobManager with id 8bb76a662a04612e108d90ae428ab157 timed out.
	... 32 more

2023-07-03 10:41:04.187 [flink-akka.actor.default-dispatcher-17] WARN  org.apache.flink.runtime.taskmanager.Task - TumblingProcessingTimeWindows -> (Sink: Print to Std. Out, Sink: Print to Std. Out) (3/4)#0 (853c5322ea43a8f01b19249e3174abc5_9e0d3c17a2aad80e1a3dc255b3b5ff9c_2_0) switched from RUNNING to FAILED with failure cause: org.apache.flink.util.FlinkException: Disconnect from JobManager responsible for 0a69e0b0c0c7c74a3d1694deeff4e508.
	at org.apache.flink.runtime.taskexecutor.TaskExecutor.disconnectJobManagerConnection(TaskExecutor.java:1702)
	at org.apache.flink.runtime.taskexecutor.TaskExecutor.disconnectAndTryReconnectToJobManager(TaskExecutor.java:1270)
	at org.apache.flink.runtime.taskexecutor.TaskExecutor.access$3900(TaskExecutor.java:183)
	at org.apache.flink.runtime.taskexecutor.TaskExecutor$JobManagerHeartbeatListener.lambda$handleJobManagerConnectionLoss$0(TaskExecutor.java:2469)
	at java.util.Optional.ifPresent(Optional.java:159)
	at org.apache.flink.runtime.taskexecutor.TaskExecutor$JobManagerHeartbeatListener.handleJobManagerConnectionLoss(TaskExecutor.java:2467)
	at org.apache.flink.runtime.taskexecutor.TaskExecutor$JobManagerHeartbeatListener.notifyHeartbeatTimeout(TaskExecutor.java:2450)
	at org.apache.flink.runtime.heartbeat.HeartbeatMonitorImpl.run(HeartbeatMonitorImpl.java:155)
	at java.util.concurrent.Executors$RunnableAdapter.call(Executors.java:511)
	at java.util.concurrent.FutureTask.run$$$capture(FutureTask.java:266)
	at java.util.concurrent.FutureTask.run(FutureTask.java)
	at org.apache.flink.runtime.rpc.akka.AkkaRpcActor.lambda$handleRunAsync$4(AkkaRpcActor.java:453)
	at org.apache.flink.runtime.concurrent.akka.ClassLoadingUtils.runWithContextClassLoader(ClassLoadingUtils.java:68)
	at org.apache.flink.runtime.rpc.akka.AkkaRpcActor.handleRunAsync(AkkaRpcActor.java:453)
	at org.apache.flink.runtime.rpc.akka.AkkaRpcActor.handleRpcMessage(AkkaRpcActor.java:218)
	at org.apache.flink.runtime.rpc.akka.AkkaRpcActor.handleMessage(AkkaRpcActor.java:168)
	at akka.japi.pf.UnitCaseStatement.apply(CaseStatements.scala:24)
	at akka.japi.pf.UnitCaseStatement.apply(CaseStatements.scala:20)
	at scala.PartialFunction.applyOrElse(PartialFunction.scala:123)
	at scala.PartialFunction.applyOrElse$(PartialFunction.scala:122)
	at akka.japi.pf.UnitCaseStatement.applyOrElse(CaseStatements.scala:20)
	at scala.PartialFunction$OrElse.applyOrElse(PartialFunction.scala:171)
	at scala.PartialFunction$OrElse.applyOrElse(PartialFunction.scala:172)
	at scala.PartialFunction$OrElse.applyOrElse(PartialFunction.scala:172)
	at akka.actor.Actor.aroundReceive(Actor.scala:537)
	at akka.actor.Actor.aroundReceive$(Actor.scala:535)
	at akka.actor.AbstractActor.aroundReceive(AbstractActor.scala:220)
	at akka.actor.ActorCell.receiveMessage$$$capture(ActorCell.scala:580)
	at akka.actor.ActorCell.receiveMessage(ActorCell.scala)
	at akka.actor.ActorCell.invoke(ActorCell.scala:548)
	at akka.dispatch.Mailbox.processMailbox(Mailbox.scala:270)
	at akka.dispatch.Mailbox.run(Mailbox.scala:231)
	at akka.dispatch.Mailbox.exec(Mailbox.scala:243)
	at java.util.concurrent.ForkJoinTask.doExec$$$capture(ForkJoinTask.java:289)
	at java.util.concurrent.ForkJoinTask.doExec(ForkJoinTask.java)
	at java.util.concurrent.ForkJoinPool$WorkQueue.runTask(ForkJoinPool.java:1056)
	at java.util.concurrent.ForkJoinPool.runWorker(ForkJoinPool.java:1692)
	at java.util.concurrent.ForkJoinWorkerThread.run(ForkJoinWorkerThread.java:157)
Caused by: java.util.concurrent.TimeoutException: The heartbeat of JobManager with id 8bb76a662a04612e108d90ae428ab157 timed out.
	... 32 more

2023-07-03 10:41:04.188 [flink-akka.actor.default-dispatcher-17] WARN  org.apache.flink.runtime.taskmanager.Task - TumblingProcessingTimeWindows -> (Sink: Print to Std. Out, Sink: Print to Std. Out) (1/4)#0 (853c5322ea43a8f01b19249e3174abc5_9e0d3c17a2aad80e1a3dc255b3b5ff9c_0_0) switched from RUNNING to FAILED with failure cause: org.apache.flink.util.FlinkException: Disconnect from JobManager responsible for 0a69e0b0c0c7c74a3d1694deeff4e508.
	at org.apache.flink.runtime.taskexecutor.TaskExecutor.disconnectJobManagerConnection(TaskExecutor.java:1702)
	at org.apache.flink.runtime.taskexecutor.TaskExecutor.disconnectAndTryReconnectToJobManager(TaskExecutor.java:1270)
	at org.apache.flink.runtime.taskexecutor.TaskExecutor.access$3900(TaskExecutor.java:183)
	at org.apache.flink.runtime.taskexecutor.TaskExecutor$JobManagerHeartbeatListener.lambda$handleJobManagerConnectionLoss$0(TaskExecutor.java:2469)
	at java.util.Optional.ifPresent(Optional.java:159)
	at org.apache.flink.runtime.taskexecutor.TaskExecutor$JobManagerHeartbeatListener.handleJobManagerConnectionLoss(TaskExecutor.java:2467)
	at org.apache.flink.runtime.taskexecutor.TaskExecutor$JobManagerHeartbeatListener.notifyHeartbeatTimeout(TaskExecutor.java:2450)
	at org.apache.flink.runtime.heartbeat.HeartbeatMonitorImpl.run(HeartbeatMonitorImpl.java:155)
	at java.util.concurrent.Executors$RunnableAdapter.call(Executors.java:511)
	at java.util.concurrent.FutureTask.run$$$capture(FutureTask.java:266)
	at java.util.concurrent.FutureTask.run(FutureTask.java)
	at org.apache.flink.runtime.rpc.akka.AkkaRpcActor.lambda$handleRunAsync$4(AkkaRpcActor.java:453)
	at org.apache.flink.runtime.concurrent.akka.ClassLoadingUtils.runWithContextClassLoader(ClassLoadingUtils.java:68)
	at org.apache.flink.runtime.rpc.akka.AkkaRpcActor.handleRunAsync(AkkaRpcActor.java:453)
	at org.apache.flink.runtime.rpc.akka.AkkaRpcActor.handleRpcMessage(AkkaRpcActor.java:218)
	at org.apache.flink.runtime.rpc.akka.AkkaRpcActor.handleMessage(AkkaRpcActor.java:168)
	at akka.japi.pf.UnitCaseStatement.apply(CaseStatements.scala:24)
	at akka.japi.pf.UnitCaseStatement.apply(CaseStatements.scala:20)
	at scala.PartialFunction.applyOrElse(PartialFunction.scala:123)
	at scala.PartialFunction.applyOrElse$(PartialFunction.scala:122)
	at akka.japi.pf.UnitCaseStatement.applyOrElse(CaseStatements.scala:20)
	at scala.PartialFunction$OrElse.applyOrElse(PartialFunction.scala:171)
	at scala.PartialFunction$OrElse.applyOrElse(PartialFunction.scala:172)
	at scala.PartialFunction$OrElse.applyOrElse(PartialFunction.scala:172)
	at akka.actor.Actor.aroundReceive(Actor.scala:537)
	at akka.actor.Actor.aroundReceive$(Actor.scala:535)
	at akka.actor.AbstractActor.aroundReceive(AbstractActor.scala:220)
	at akka.actor.ActorCell.receiveMessage$$$capture(ActorCell.scala:580)
	at akka.actor.ActorCell.receiveMessage(ActorCell.scala)
	at akka.actor.ActorCell.invoke(ActorCell.scala:548)
	at akka.dispatch.Mailbox.processMailbox(Mailbox.scala:270)
	at akka.dispatch.Mailbox.run(Mailbox.scala:231)
	at akka.dispatch.Mailbox.exec(Mailbox.scala:243)
	at java.util.concurrent.ForkJoinTask.doExec$$$capture(ForkJoinTask.java:289)
	at java.util.concurrent.ForkJoinTask.doExec(ForkJoinTask.java)
	at java.util.concurrent.ForkJoinPool$WorkQueue.runTask(ForkJoinPool.java:1056)
	at java.util.concurrent.ForkJoinPool.runWorker(ForkJoinPool.java:1692)
	at java.util.concurrent.ForkJoinWorkerThread.run(ForkJoinWorkerThread.java:157)
Caused by: java.util.concurrent.TimeoutException: The heartbeat of JobManager with id 8bb76a662a04612e108d90ae428ab157 timed out.
	... 32 more

2023-07-03 10:41:04.190 [flink-akka.actor.default-dispatcher-17] WARN  org.apache.flink.runtime.taskmanager.Task - Source: Custom Source (1/1)#0 (853c5322ea43a8f01b19249e3174abc5_bc764cd8ddf7a0cff126f51c16239658_0_0) switched from RUNNING to FAILED with failure cause: org.apache.flink.util.FlinkException: Disconnect from JobManager responsible for 0a69e0b0c0c7c74a3d1694deeff4e508.
	at org.apache.flink.runtime.taskexecutor.TaskExecutor.disconnectJobManagerConnection(TaskExecutor.java:1702)
	at org.apache.flink.runtime.taskexecutor.TaskExecutor.disconnectAndTryReconnectToJobManager(TaskExecutor.java:1270)
	at org.apache.flink.runtime.taskexecutor.TaskExecutor.access$3900(TaskExecutor.java:183)
	at org.apache.flink.runtime.taskexecutor.TaskExecutor$JobManagerHeartbeatListener.lambda$handleJobManagerConnectionLoss$0(TaskExecutor.java:2469)
	at java.util.Optional.ifPresent(Optional.java:159)
	at org.apache.flink.runtime.taskexecutor.TaskExecutor$JobManagerHeartbeatListener.handleJobManagerConnectionLoss(TaskExecutor.java:2467)
	at org.apache.flink.runtime.taskexecutor.TaskExecutor$JobManagerHeartbeatListener.notifyHeartbeatTimeout(TaskExecutor.java:2450)
	at org.apache.flink.runtime.heartbeat.HeartbeatMonitorImpl.run(HeartbeatMonitorImpl.java:155)
	at java.util.concurrent.Executors$RunnableAdapter.call(Executors.java:511)
	at java.util.concurrent.FutureTask.run$$$capture(FutureTask.java:266)
	at java.util.concurrent.FutureTask.run(FutureTask.java)
	at org.apache.flink.runtime.rpc.akka.AkkaRpcActor.lambda$handleRunAsync$4(AkkaRpcActor.java:453)
	at org.apache.flink.runtime.concurrent.akka.ClassLoadingUtils.runWithContextClassLoader(ClassLoadingUtils.java:68)
	at org.apache.flink.runtime.rpc.akka.AkkaRpcActor.handleRunAsync(AkkaRpcActor.java:453)
	at org.apache.flink.runtime.rpc.akka.AkkaRpcActor.handleRpcMessage(AkkaRpcActor.java:218)
	at org.apache.flink.runtime.rpc.akka.AkkaRpcActor.handleMessage(AkkaRpcActor.java:168)
	at akka.japi.pf.UnitCaseStatement.apply(CaseStatements.scala:24)
	at akka.japi.pf.UnitCaseStatement.apply(CaseStatements.scala:20)
	at scala.PartialFunction.applyOrElse(PartialFunction.scala:123)
	at scala.PartialFunction.applyOrElse$(PartialFunction.scala:122)
	at akka.japi.pf.UnitCaseStatement.applyOrElse(CaseStatements.scala:20)
	at scala.PartialFunction$OrElse.applyOrElse(PartialFunction.scala:171)
	at scala.PartialFunction$OrElse.applyOrElse(PartialFunction.scala:172)
	at scala.PartialFunction$OrElse.applyOrElse(PartialFunction.scala:172)
	at akka.actor.Actor.aroundReceive(Actor.scala:537)
	at akka.actor.Actor.aroundReceive$(Actor.scala:535)
	at akka.actor.AbstractActor.aroundReceive(AbstractActor.scala:220)
	at akka.actor.ActorCell.receiveMessage$$$capture(ActorCell.scala:580)
	at akka.actor.ActorCell.receiveMessage(ActorCell.scala)
	at akka.actor.ActorCell.invoke(ActorCell.scala:548)
	at akka.dispatch.Mailbox.processMailbox(Mailbox.scala:270)
	at akka.dispatch.Mailbox.run(Mailbox.scala:231)
	at akka.dispatch.Mailbox.exec(Mailbox.scala:243)
	at java.util.concurrent.ForkJoinTask.doExec$$$capture(ForkJoinTask.java:289)
	at java.util.concurrent.ForkJoinTask.doExec(ForkJoinTask.java)
	at java.util.concurrent.ForkJoinPool$WorkQueue.runTask(ForkJoinPool.java:1056)
	at java.util.concurrent.ForkJoinPool.runWorker(ForkJoinPool.java:1692)
	at java.util.concurrent.ForkJoinWorkerThread.run(ForkJoinWorkerThread.java:157)
Caused by: java.util.concurrent.TimeoutException: The heartbeat of JobManager with id 8bb76a662a04612e108d90ae428ab157 timed out.
	... 32 more

2023-07-03 10:41:04.192 [flink-akka.actor.default-dispatcher-17] WARN  org.apache.flink.runtime.taskmanager.Task - Map (1/4)#0 (853c5322ea43a8f01b19249e3174abc5_0a448493b4782967b150582570326227_0_0) switched from RUNNING to FAILED with failure cause: org.apache.flink.util.FlinkException: Disconnect from JobManager responsible for 0a69e0b0c0c7c74a3d1694deeff4e508.
	at org.apache.flink.runtime.taskexecutor.TaskExecutor.disconnectJobManagerConnection(TaskExecutor.java:1702)
	at org.apache.flink.runtime.taskexecutor.TaskExecutor.disconnectAndTryReconnectToJobManager(TaskExecutor.java:1270)
	at org.apache.flink.runtime.taskexecutor.TaskExecutor.access$3900(TaskExecutor.java:183)
	at org.apache.flink.runtime.taskexecutor.TaskExecutor$JobManagerHeartbeatListener.lambda$handleJobManagerConnectionLoss$0(TaskExecutor.java:2469)
	at java.util.Optional.ifPresent(Optional.java:159)
	at org.apache.flink.runtime.taskexecutor.TaskExecutor$JobManagerHeartbeatListener.handleJobManagerConnectionLoss(TaskExecutor.java:2467)
	at org.apache.flink.runtime.taskexecutor.TaskExecutor$JobManagerHeartbeatListener.notifyHeartbeatTimeout(TaskExecutor.java:2450)
	at org.apache.flink.runtime.heartbeat.HeartbeatMonitorImpl.run(HeartbeatMonitorImpl.java:155)
	at java.util.concurrent.Executors$RunnableAdapter.call(Executors.java:511)
	at java.util.concurrent.FutureTask.run$$$capture(FutureTask.java:266)
	at java.util.concurrent.FutureTask.run(FutureTask.java)
	at org.apache.flink.runtime.rpc.akka.AkkaRpcActor.lambda$handleRunAsync$4(AkkaRpcActor.java:453)
	at org.apache.flink.runtime.concurrent.akka.ClassLoadingUtils.runWithContextClassLoader(ClassLoadingUtils.java:68)
	at org.apache.flink.runtime.rpc.akka.AkkaRpcActor.handleRunAsync(AkkaRpcActor.java:453)
	at org.apache.flink.runtime.rpc.akka.AkkaRpcActor.handleRpcMessage(AkkaRpcActor.java:218)
	at org.apache.flink.runtime.rpc.akka.AkkaRpcActor.handleMessage(AkkaRpcActor.java:168)
	at akka.japi.pf.UnitCaseStatement.apply(CaseStatements.scala:24)
	at akka.japi.pf.UnitCaseStatement.apply(CaseStatements.scala:20)
	at scala.PartialFunction.applyOrElse(PartialFunction.scala:123)
	at scala.PartialFunction.applyOrElse$(PartialFunction.scala:122)
	at akka.japi.pf.UnitCaseStatement.applyOrElse(CaseStatements.scala:20)
	at scala.PartialFunction$OrElse.applyOrElse(PartialFunction.scala:171)
	at scala.PartialFunction$OrElse.applyOrElse(PartialFunction.scala:172)
	at scala.PartialFunction$OrElse.applyOrElse(PartialFunction.scala:172)
	at akka.actor.Actor.aroundReceive(Actor.scala:537)
	at akka.actor.Actor.aroundReceive$(Actor.scala:535)
	at akka.actor.AbstractActor.aroundReceive(AbstractActor.scala:220)
	at akka.actor.ActorCell.receiveMessage$$$capture(ActorCell.scala:580)
	at akka.actor.ActorCell.receiveMessage(ActorCell.scala)
	at akka.actor.ActorCell.invoke(ActorCell.scala:548)
	at akka.dispatch.Mailbox.processMailbox(Mailbox.scala:270)
	at akka.dispatch.Mailbox.run(Mailbox.scala:231)
	at akka.dispatch.Mailbox.exec(Mailbox.scala:243)
	at java.util.concurrent.ForkJoinTask.doExec$$$capture(ForkJoinTask.java:289)
	at java.util.concurrent.ForkJoinTask.doExec(ForkJoinTask.java)
	at java.util.concurrent.ForkJoinPool$WorkQueue.runTask(ForkJoinPool.java:1056)
	at java.util.concurrent.ForkJoinPool.runWorker(ForkJoinPool.java:1692)
	at java.util.concurrent.ForkJoinWorkerThread.run(ForkJoinWorkerThread.java:157)
Caused by: java.util.concurrent.TimeoutException: The heartbeat of JobManager with id 8bb76a662a04612e108d90ae428ab157 timed out.
	... 32 more

2023-07-03 10:41:04.193 [flink-akka.actor.default-dispatcher-17] WARN  org.apache.flink.runtime.taskmanager.Task - TumblingProcessingTimeWindows -> (Sink: Print to Std. Out, Sink: Print to Std. Out) (4/4)#0 (853c5322ea43a8f01b19249e3174abc5_9e0d3c17a2aad80e1a3dc255b3b5ff9c_3_0) switched from RUNNING to FAILED with failure cause: org.apache.flink.util.FlinkException: Disconnect from JobManager responsible for 0a69e0b0c0c7c74a3d1694deeff4e508.
	at org.apache.flink.runtime.taskexecutor.TaskExecutor.disconnectJobManagerConnection(TaskExecutor.java:1702)
	at org.apache.flink.runtime.taskexecutor.TaskExecutor.disconnectAndTryReconnectToJobManager(TaskExecutor.java:1270)
	at org.apache.flink.runtime.taskexecutor.TaskExecutor.access$3900(TaskExecutor.java:183)
	at org.apache.flink.runtime.taskexecutor.TaskExecutor$JobManagerHeartbeatListener.lambda$handleJobManagerConnectionLoss$0(TaskExecutor.java:2469)
	at java.util.Optional.ifPresent(Optional.java:159)
	at org.apache.flink.runtime.taskexecutor.TaskExecutor$JobManagerHeartbeatListener.handleJobManagerConnectionLoss(TaskExecutor.java:2467)
	at org.apache.flink.runtime.taskexecutor.TaskExecutor$JobManagerHeartbeatListener.notifyHeartbeatTimeout(TaskExecutor.java:2450)
	at org.apache.flink.runtime.heartbeat.HeartbeatMonitorImpl.run(HeartbeatMonitorImpl.java:155)
	at java.util.concurrent.Executors$RunnableAdapter.call(Executors.java:511)
	at java.util.concurrent.FutureTask.run$$$capture(FutureTask.java:266)
	at java.util.concurrent.FutureTask.run(FutureTask.java)
	at org.apache.flink.runtime.rpc.akka.AkkaRpcActor.lambda$handleRunAsync$4(AkkaRpcActor.java:453)
	at org.apache.flink.runtime.concurrent.akka.ClassLoadingUtils.runWithContextClassLoader(ClassLoadingUtils.java:68)
	at org.apache.flink.runtime.rpc.akka.AkkaRpcActor.handleRunAsync(AkkaRpcActor.java:453)
	at org.apache.flink.runtime.rpc.akka.AkkaRpcActor.handleRpcMessage(AkkaRpcActor.java:218)
	at org.apache.flink.runtime.rpc.akka.AkkaRpcActor.handleMessage(AkkaRpcActor.java:168)
	at akka.japi.pf.UnitCaseStatement.apply(CaseStatements.scala:24)
	at akka.japi.pf.UnitCaseStatement.apply(CaseStatements.scala:20)
	at scala.PartialFunction.applyOrElse(PartialFunction.scala:123)
	at scala.PartialFunction.applyOrElse$(PartialFunction.scala:122)
	at akka.japi.pf.UnitCaseStatement.applyOrElse(CaseStatements.scala:20)
	at scala.PartialFunction$OrElse.applyOrElse(PartialFunction.scala:171)
	at scala.PartialFunction$OrElse.applyOrElse(PartialFunction.scala:172)
	at scala.PartialFunction$OrElse.applyOrElse(PartialFunction.scala:172)
	at akka.actor.Actor.aroundReceive(Actor.scala:537)
	at akka.actor.Actor.aroundReceive$(Actor.scala:535)
	at akka.actor.AbstractActor.aroundReceive(AbstractActor.scala:220)
	at akka.actor.ActorCell.receiveMessage$$$capture(ActorCell.scala:580)
	at akka.actor.ActorCell.receiveMessage(ActorCell.scala)
	at akka.actor.ActorCell.invoke(ActorCell.scala:548)
	at akka.dispatch.Mailbox.processMailbox(Mailbox.scala:270)
	at akka.dispatch.Mailbox.run(Mailbox.scala:231)
	at akka.dispatch.Mailbox.exec(Mailbox.scala:243)
	at java.util.concurrent.ForkJoinTask.doExec$$$capture(ForkJoinTask.java:289)
	at java.util.concurrent.ForkJoinTask.doExec(ForkJoinTask.java)
	at java.util.concurrent.ForkJoinPool$WorkQueue.runTask(ForkJoinPool.java:1056)
	at java.util.concurrent.ForkJoinPool.runWorker(ForkJoinPool.java:1692)
	at java.util.concurrent.ForkJoinWorkerThread.run(ForkJoinWorkerThread.java:157)
Caused by: java.util.concurrent.TimeoutException: The heartbeat of JobManager with id 8bb76a662a04612e108d90ae428ab157 timed out.
	... 32 more

2023-07-03 10:41:04.196 [flink-akka.actor.default-dispatcher-17] WARN  org.apache.flink.runtime.taskmanager.Task - Map (4/4)#0 (853c5322ea43a8f01b19249e3174abc5_0a448493b4782967b150582570326227_3_0) switched from RUNNING to FAILED with failure cause: org.apache.flink.util.FlinkException: Disconnect from JobManager responsible for 0a69e0b0c0c7c74a3d1694deeff4e508.
	at org.apache.flink.runtime.taskexecutor.TaskExecutor.disconnectJobManagerConnection(TaskExecutor.java:1702)
	at org.apache.flink.runtime.taskexecutor.TaskExecutor.disconnectAndTryReconnectToJobManager(TaskExecutor.java:1270)
	at org.apache.flink.runtime.taskexecutor.TaskExecutor.access$3900(TaskExecutor.java:183)
	at org.apache.flink.runtime.taskexecutor.TaskExecutor$JobManagerHeartbeatListener.lambda$handleJobManagerConnectionLoss$0(TaskExecutor.java:2469)
	at java.util.Optional.ifPresent(Optional.java:159)
	at org.apache.flink.runtime.taskexecutor.TaskExecutor$JobManagerHeartbeatListener.handleJobManagerConnectionLoss(TaskExecutor.java:2467)
	at org.apache.flink.runtime.taskexecutor.TaskExecutor$JobManagerHeartbeatListener.notifyHeartbeatTimeout(TaskExecutor.java:2450)
	at org.apache.flink.runtime.heartbeat.HeartbeatMonitorImpl.run(HeartbeatMonitorImpl.java:155)
	at java.util.concurrent.Executors$RunnableAdapter.call(Executors.java:511)
	at java.util.concurrent.FutureTask.run$$$capture(FutureTask.java:266)
	at java.util.concurrent.FutureTask.run(FutureTask.java)
	at org.apache.flink.runtime.rpc.akka.AkkaRpcActor.lambda$handleRunAsync$4(AkkaRpcActor.java:453)
	at org.apache.flink.runtime.concurrent.akka.ClassLoadingUtils.runWithContextClassLoader(ClassLoadingUtils.java:68)
	at org.apache.flink.runtime.rpc.akka.AkkaRpcActor.handleRunAsync(AkkaRpcActor.java:453)
	at org.apache.flink.runtime.rpc.akka.AkkaRpcActor.handleRpcMessage(AkkaRpcActor.java:218)
	at org.apache.flink.runtime.rpc.akka.AkkaRpcActor.handleMessage(AkkaRpcActor.java:168)
	at akka.japi.pf.UnitCaseStatement.apply(CaseStatements.scala:24)
	at akka.japi.pf.UnitCaseStatement.apply(CaseStatements.scala:20)
	at scala.PartialFunction.applyOrElse(PartialFunction.scala:123)
	at scala.PartialFunction.applyOrElse$(PartialFunction.scala:122)
	at akka.japi.pf.UnitCaseStatement.applyOrElse(CaseStatements.scala:20)
	at scala.PartialFunction$OrElse.applyOrElse(PartialFunction.scala:171)
	at scala.PartialFunction$OrElse.applyOrElse(PartialFunction.scala:172)
	at scala.PartialFunction$OrElse.applyOrElse(PartialFunction.scala:172)
	at akka.actor.Actor.aroundReceive(Actor.scala:537)
	at akka.actor.Actor.aroundReceive$(Actor.scala:535)
	at akka.actor.AbstractActor.aroundReceive(AbstractActor.scala:220)
	at akka.actor.ActorCell.receiveMessage$$$capture(ActorCell.scala:580)
	at akka.actor.ActorCell.receiveMessage(ActorCell.scala)
	at akka.actor.ActorCell.invoke(ActorCell.scala:548)
	at akka.dispatch.Mailbox.processMailbox(Mailbox.scala:270)
	at akka.dispatch.Mailbox.run(Mailbox.scala:231)
	at akka.dispatch.Mailbox.exec(Mailbox.scala:243)
	at java.util.concurrent.ForkJoinTask.doExec$$$capture(ForkJoinTask.java:289)
	at java.util.concurrent.ForkJoinTask.doExec(ForkJoinTask.java)
	at java.util.concurrent.ForkJoinPool$WorkQueue.runTask(ForkJoinPool.java:1056)
	at java.util.concurrent.ForkJoinPool.runWorker(ForkJoinPool.java:1692)
	at java.util.concurrent.ForkJoinWorkerThread.run(ForkJoinWorkerThread.java:157)
Caused by: java.util.concurrent.TimeoutException: The heartbeat of JobManager with id 8bb76a662a04612e108d90ae428ab157 timed out.
	... 32 more

2023-07-03 10:41:04.199 [flink-akka.actor.default-dispatcher-17] WARN  org.apache.flink.runtime.taskmanager.Task - Map (2/4)#0 (853c5322ea43a8f01b19249e3174abc5_0a448493b4782967b150582570326227_1_0) switched from RUNNING to FAILED with failure cause: org.apache.flink.util.FlinkException: Disconnect from JobManager responsible for 0a69e0b0c0c7c74a3d1694deeff4e508.
	at org.apache.flink.runtime.taskexecutor.TaskExecutor.disconnectJobManagerConnection(TaskExecutor.java:1702)
	at org.apache.flink.runtime.taskexecutor.TaskExecutor.disconnectAndTryReconnectToJobManager(TaskExecutor.java:1270)
	at org.apache.flink.runtime.taskexecutor.TaskExecutor.access$3900(TaskExecutor.java:183)
	at org.apache.flink.runtime.taskexecutor.TaskExecutor$JobManagerHeartbeatListener.lambda$handleJobManagerConnectionLoss$0(TaskExecutor.java:2469)
	at java.util.Optional.ifPresent(Optional.java:159)
	at org.apache.flink.runtime.taskexecutor.TaskExecutor$JobManagerHeartbeatListener.handleJobManagerConnectionLoss(TaskExecutor.java:2467)
	at org.apache.flink.runtime.taskexecutor.TaskExecutor$JobManagerHeartbeatListener.notifyHeartbeatTimeout(TaskExecutor.java:2450)
	at org.apache.flink.runtime.heartbeat.HeartbeatMonitorImpl.run(HeartbeatMonitorImpl.java:155)
	at java.util.concurrent.Executors$RunnableAdapter.call(Executors.java:511)
	at java.util.concurrent.FutureTask.run$$$capture(FutureTask.java:266)
	at java.util.concurrent.FutureTask.run(FutureTask.java)
	at org.apache.flink.runtime.rpc.akka.AkkaRpcActor.lambda$handleRunAsync$4(AkkaRpcActor.java:453)
	at org.apache.flink.runtime.concurrent.akka.ClassLoadingUtils.runWithContextClassLoader(ClassLoadingUtils.java:68)
	at org.apache.flink.runtime.rpc.akka.AkkaRpcActor.handleRunAsync(AkkaRpcActor.java:453)
	at org.apache.flink.runtime.rpc.akka.AkkaRpcActor.handleRpcMessage(AkkaRpcActor.java:218)
	at org.apache.flink.runtime.rpc.akka.AkkaRpcActor.handleMessage(AkkaRpcActor.java:168)
	at akka.japi.pf.UnitCaseStatement.apply(CaseStatements.scala:24)
	at akka.japi.pf.UnitCaseStatement.apply(CaseStatements.scala:20)
	at scala.PartialFunction.applyOrElse(PartialFunction.scala:123)
	at scala.PartialFunction.applyOrElse$(PartialFunction.scala:122)
	at akka.japi.pf.UnitCaseStatement.applyOrElse(CaseStatements.scala:20)
	at scala.PartialFunction$OrElse.applyOrElse(PartialFunction.scala:171)
	at scala.PartialFunction$OrElse.applyOrElse(PartialFunction.scala:172)
	at scala.PartialFunction$OrElse.applyOrElse(PartialFunction.scala:172)
	at akka.actor.Actor.aroundReceive(Actor.scala:537)
	at akka.actor.Actor.aroundReceive$(Actor.scala:535)
	at akka.actor.AbstractActor.aroundReceive(AbstractActor.scala:220)
	at akka.actor.ActorCell.receiveMessage$$$capture(ActorCell.scala:580)
	at akka.actor.ActorCell.receiveMessage(ActorCell.scala)
	at akka.actor.ActorCell.invoke(ActorCell.scala:548)
	at akka.dispatch.Mailbox.processMailbox(Mailbox.scala:270)
	at akka.dispatch.Mailbox.run(Mailbox.scala:231)
	at akka.dispatch.Mailbox.exec(Mailbox.scala:243)
	at java.util.concurrent.ForkJoinTask.doExec$$$capture(ForkJoinTask.java:289)
	at java.util.concurrent.ForkJoinTask.doExec(ForkJoinTask.java)
	at java.util.concurrent.ForkJoinPool$WorkQueue.runTask(ForkJoinPool.java:1056)
	at java.util.concurrent.ForkJoinPool.runWorker(ForkJoinPool.java:1692)
	at java.util.concurrent.ForkJoinWorkerThread.run(ForkJoinWorkerThread.java:157)
Caused by: java.util.concurrent.TimeoutException: The heartbeat of JobManager with id 8bb76a662a04612e108d90ae428ab157 timed out.
	... 32 more

2023-07-03 10:41:04.200 [flink-akka.actor.default-dispatcher-17] WARN  org.apache.flink.runtime.taskmanager.Task - TumblingProcessingTimeWindows -> (Sink: Print to Std. Out, Sink: Print to Std. Out) (2/4)#0 (853c5322ea43a8f01b19249e3174abc5_9e0d3c17a2aad80e1a3dc255b3b5ff9c_1_0) switched from RUNNING to FAILED with failure cause: org.apache.flink.util.FlinkException: Disconnect from JobManager responsible for 0a69e0b0c0c7c74a3d1694deeff4e508.
	at org.apache.flink.runtime.taskexecutor.TaskExecutor.disconnectJobManagerConnection(TaskExecutor.java:1702)
	at org.apache.flink.runtime.taskexecutor.TaskExecutor.disconnectAndTryReconnectToJobManager(TaskExecutor.java:1270)
	at org.apache.flink.runtime.taskexecutor.TaskExecutor.access$3900(TaskExecutor.java:183)
	at org.apache.flink.runtime.taskexecutor.TaskExecutor$JobManagerHeartbeatListener.lambda$handleJobManagerConnectionLoss$0(TaskExecutor.java:2469)
	at java.util.Optional.ifPresent(Optional.java:159)
	at org.apache.flink.runtime.taskexecutor.TaskExecutor$JobManagerHeartbeatListener.handleJobManagerConnectionLoss(TaskExecutor.java:2467)
	at org.apache.flink.runtime.taskexecutor.TaskExecutor$JobManagerHeartbeatListener.notifyHeartbeatTimeout(TaskExecutor.java:2450)
	at org.apache.flink.runtime.heartbeat.HeartbeatMonitorImpl.run(HeartbeatMonitorImpl.java:155)
	at java.util.concurrent.Executors$RunnableAdapter.call(Executors.java:511)
	at java.util.concurrent.FutureTask.run$$$capture(FutureTask.java:266)
	at java.util.concurrent.FutureTask.run(FutureTask.java)
	at org.apache.flink.runtime.rpc.akka.AkkaRpcActor.lambda$handleRunAsync$4(AkkaRpcActor.java:453)
	at org.apache.flink.runtime.concurrent.akka.ClassLoadingUtils.runWithContextClassLoader(ClassLoadingUtils.java:68)
	at org.apache.flink.runtime.rpc.akka.AkkaRpcActor.handleRunAsync(AkkaRpcActor.java:453)
	at org.apache.flink.runtime.rpc.akka.AkkaRpcActor.handleRpcMessage(AkkaRpcActor.java:218)
	at org.apache.flink.runtime.rpc.akka.AkkaRpcActor.handleMessage(AkkaRpcActor.java:168)
	at akka.japi.pf.UnitCaseStatement.apply(CaseStatements.scala:24)
	at akka.japi.pf.UnitCaseStatement.apply(CaseStatements.scala:20)
	at scala.PartialFunction.applyOrElse(PartialFunction.scala:123)
	at scala.PartialFunction.applyOrElse$(PartialFunction.scala:122)
	at akka.japi.pf.UnitCaseStatement.applyOrElse(CaseStatements.scala:20)
	at scala.PartialFunction$OrElse.applyOrElse(PartialFunction.scala:171)
	at scala.PartialFunction$OrElse.applyOrElse(PartialFunction.scala:172)
	at scala.PartialFunction$OrElse.applyOrElse(PartialFunction.scala:172)
	at akka.actor.Actor.aroundReceive(Actor.scala:537)
	at akka.actor.Actor.aroundReceive$(Actor.scala:535)
	at akka.actor.AbstractActor.aroundReceive(AbstractActor.scala:220)
	at akka.actor.ActorCell.receiveMessage$$$capture(ActorCell.scala:580)
	at akka.actor.ActorCell.receiveMessage(ActorCell.scala)
	at akka.actor.ActorCell.invoke(ActorCell.scala:548)
	at akka.dispatch.Mailbox.processMailbox(Mailbox.scala:270)
	at akka.dispatch.Mailbox.run(Mailbox.scala:231)
	at akka.dispatch.Mailbox.exec(Mailbox.scala:243)
	at java.util.concurrent.ForkJoinTask.doExec$$$capture(ForkJoinTask.java:289)
	at java.util.concurrent.ForkJoinTask.doExec(ForkJoinTask.java)
	at java.util.concurrent.ForkJoinPool$WorkQueue.runTask(ForkJoinPool.java:1056)
	at java.util.concurrent.ForkJoinPool.runWorker(ForkJoinPool.java:1692)
	at java.util.concurrent.ForkJoinWorkerThread.run(ForkJoinWorkerThread.java:157)
Caused by: java.util.concurrent.TimeoutException: The heartbeat of JobManager with id 8bb76a662a04612e108d90ae428ab157 timed out.
	... 32 more

2023-07-03 10:41:12.362 [main] WARN  o.apache.flink.runtime.webmonitor.WebMonitorUtils - Log file environment variable 'log.file' is not set.
2023-07-03 10:41:12.362 [main] WARN  o.apache.flink.runtime.webmonitor.WebMonitorUtils - JobManager log files are unavailable in the web dashboard. Log file location not found in environment variable 'log.file' or configuration key 'web.log.path'.
2023-07-03 10:43:23.555 [main] WARN  o.apache.flink.runtime.webmonitor.WebMonitorUtils - Log file environment variable 'log.file' is not set.
2023-07-03 10:43:23.555 [main] WARN  o.apache.flink.runtime.webmonitor.WebMonitorUtils - JobManager log files are unavailable in the web dashboard. Log file location not found in environment variable 'log.file' or configuration key 'web.log.path'.
2023-07-03 10:45:40.303 [flink-akka.actor.default-dispatcher-16] WARN  org.apache.flink.runtime.taskmanager.Task - Source: Custom Source -> Map (1/1)#0 (8b6eb0dbed6e2164fe1e163202c0c065_cbc357ccb763df2852fee8c4fc7d55f2_0_0) switched from RUNNING to FAILED with failure cause: org.apache.flink.util.FlinkException: Disconnect from JobManager responsible for 7c828d0ae018a24f6ca196b37355a41c.
	at org.apache.flink.runtime.taskexecutor.TaskExecutor.disconnectJobManagerConnection(TaskExecutor.java:1702)
	at org.apache.flink.runtime.taskexecutor.TaskExecutor.disconnectAndTryReconnectToJobManager(TaskExecutor.java:1270)
	at org.apache.flink.runtime.taskexecutor.TaskExecutor.access$3900(TaskExecutor.java:183)
	at org.apache.flink.runtime.taskexecutor.TaskExecutor$JobManagerHeartbeatListener.lambda$handleJobManagerConnectionLoss$0(TaskExecutor.java:2469)
	at java.util.Optional.ifPresent(Optional.java:159)
	at org.apache.flink.runtime.taskexecutor.TaskExecutor$JobManagerHeartbeatListener.handleJobManagerConnectionLoss(TaskExecutor.java:2467)
	at org.apache.flink.runtime.taskexecutor.TaskExecutor$JobManagerHeartbeatListener.notifyHeartbeatTimeout(TaskExecutor.java:2450)
	at org.apache.flink.runtime.heartbeat.HeartbeatMonitorImpl.run(HeartbeatMonitorImpl.java:155)
	at java.util.concurrent.Executors$RunnableAdapter.call(Executors.java:511)
	at java.util.concurrent.FutureTask.run$$$capture(FutureTask.java:266)
	at java.util.concurrent.FutureTask.run(FutureTask.java)
	at org.apache.flink.runtime.rpc.akka.AkkaRpcActor.lambda$handleRunAsync$4(AkkaRpcActor.java:453)
	at org.apache.flink.runtime.concurrent.akka.ClassLoadingUtils.runWithContextClassLoader(ClassLoadingUtils.java:68)
	at org.apache.flink.runtime.rpc.akka.AkkaRpcActor.handleRunAsync(AkkaRpcActor.java:453)
	at org.apache.flink.runtime.rpc.akka.AkkaRpcActor.handleRpcMessage(AkkaRpcActor.java:218)
	at org.apache.flink.runtime.rpc.akka.AkkaRpcActor.handleMessage(AkkaRpcActor.java:168)
	at akka.japi.pf.UnitCaseStatement.apply(CaseStatements.scala:24)
	at akka.japi.pf.UnitCaseStatement.apply(CaseStatements.scala:20)
	at scala.PartialFunction.applyOrElse(PartialFunction.scala:123)
	at scala.PartialFunction.applyOrElse$(PartialFunction.scala:122)
	at akka.japi.pf.UnitCaseStatement.applyOrElse(CaseStatements.scala:20)
	at scala.PartialFunction$OrElse.applyOrElse(PartialFunction.scala:171)
	at scala.PartialFunction$OrElse.applyOrElse(PartialFunction.scala:172)
	at scala.PartialFunction$OrElse.applyOrElse(PartialFunction.scala:172)
	at akka.actor.Actor.aroundReceive(Actor.scala:537)
	at akka.actor.Actor.aroundReceive$(Actor.scala:535)
	at akka.actor.AbstractActor.aroundReceive(AbstractActor.scala:220)
	at akka.actor.ActorCell.receiveMessage$$$capture(ActorCell.scala:580)
	at akka.actor.ActorCell.receiveMessage(ActorCell.scala)
	at akka.actor.ActorCell.invoke(ActorCell.scala:548)
	at akka.dispatch.Mailbox.processMailbox(Mailbox.scala:270)
	at akka.dispatch.Mailbox.run(Mailbox.scala:231)
	at akka.dispatch.Mailbox.exec(Mailbox.scala:243)
	at java.util.concurrent.ForkJoinTask.doExec$$$capture(ForkJoinTask.java:289)
	at java.util.concurrent.ForkJoinTask.doExec(ForkJoinTask.java)
	at java.util.concurrent.ForkJoinPool$WorkQueue.runTask(ForkJoinPool.java:1056)
	at java.util.concurrent.ForkJoinPool.runWorker(ForkJoinPool.java:1692)
	at java.util.concurrent.ForkJoinWorkerThread.run(ForkJoinWorkerThread.java:157)
Caused by: java.util.concurrent.TimeoutException: The heartbeat of JobManager with id 1b5125d3f789dd00d30b56429d3d7dde timed out.
	... 32 more

2023-07-03 10:45:40.308 [flink-akka.actor.default-dispatcher-16] WARN  org.apache.flink.runtime.taskmanager.Task - TumblingProcessingTimeWindows -> (Sink: Print to Std. Out, Sink: Print to Std. Out) (1/1)#0 (8b6eb0dbed6e2164fe1e163202c0c065_e9b82703c83ea7e9b9e5df8d59eb3c36_0_0) switched from RUNNING to FAILED with failure cause: org.apache.flink.util.FlinkException: Disconnect from JobManager responsible for 7c828d0ae018a24f6ca196b37355a41c.
	at org.apache.flink.runtime.taskexecutor.TaskExecutor.disconnectJobManagerConnection(TaskExecutor.java:1702)
	at org.apache.flink.runtime.taskexecutor.TaskExecutor.disconnectAndTryReconnectToJobManager(TaskExecutor.java:1270)
	at org.apache.flink.runtime.taskexecutor.TaskExecutor.access$3900(TaskExecutor.java:183)
	at org.apache.flink.runtime.taskexecutor.TaskExecutor$JobManagerHeartbeatListener.lambda$handleJobManagerConnectionLoss$0(TaskExecutor.java:2469)
	at java.util.Optional.ifPresent(Optional.java:159)
	at org.apache.flink.runtime.taskexecutor.TaskExecutor$JobManagerHeartbeatListener.handleJobManagerConnectionLoss(TaskExecutor.java:2467)
	at org.apache.flink.runtime.taskexecutor.TaskExecutor$JobManagerHeartbeatListener.notifyHeartbeatTimeout(TaskExecutor.java:2450)
	at org.apache.flink.runtime.heartbeat.HeartbeatMonitorImpl.run(HeartbeatMonitorImpl.java:155)
	at java.util.concurrent.Executors$RunnableAdapter.call(Executors.java:511)
	at java.util.concurrent.FutureTask.run$$$capture(FutureTask.java:266)
	at java.util.concurrent.FutureTask.run(FutureTask.java)
	at org.apache.flink.runtime.rpc.akka.AkkaRpcActor.lambda$handleRunAsync$4(AkkaRpcActor.java:453)
	at org.apache.flink.runtime.concurrent.akka.ClassLoadingUtils.runWithContextClassLoader(ClassLoadingUtils.java:68)
	at org.apache.flink.runtime.rpc.akka.AkkaRpcActor.handleRunAsync(AkkaRpcActor.java:453)
	at org.apache.flink.runtime.rpc.akka.AkkaRpcActor.handleRpcMessage(AkkaRpcActor.java:218)
	at org.apache.flink.runtime.rpc.akka.AkkaRpcActor.handleMessage(AkkaRpcActor.java:168)
	at akka.japi.pf.UnitCaseStatement.apply(CaseStatements.scala:24)
	at akka.japi.pf.UnitCaseStatement.apply(CaseStatements.scala:20)
	at scala.PartialFunction.applyOrElse(PartialFunction.scala:123)
	at scala.PartialFunction.applyOrElse$(PartialFunction.scala:122)
	at akka.japi.pf.UnitCaseStatement.applyOrElse(CaseStatements.scala:20)
	at scala.PartialFunction$OrElse.applyOrElse(PartialFunction.scala:171)
	at scala.PartialFunction$OrElse.applyOrElse(PartialFunction.scala:172)
	at scala.PartialFunction$OrElse.applyOrElse(PartialFunction.scala:172)
	at akka.actor.Actor.aroundReceive(Actor.scala:537)
	at akka.actor.Actor.aroundReceive$(Actor.scala:535)
	at akka.actor.AbstractActor.aroundReceive(AbstractActor.scala:220)
	at akka.actor.ActorCell.receiveMessage$$$capture(ActorCell.scala:580)
	at akka.actor.ActorCell.receiveMessage(ActorCell.scala)
	at akka.actor.ActorCell.invoke(ActorCell.scala:548)
	at akka.dispatch.Mailbox.processMailbox(Mailbox.scala:270)
	at akka.dispatch.Mailbox.run(Mailbox.scala:231)
	at akka.dispatch.Mailbox.exec(Mailbox.scala:243)
	at java.util.concurrent.ForkJoinTask.doExec$$$capture(ForkJoinTask.java:289)
	at java.util.concurrent.ForkJoinTask.doExec(ForkJoinTask.java)
	at java.util.concurrent.ForkJoinPool$WorkQueue.runTask(ForkJoinPool.java:1056)
	at java.util.concurrent.ForkJoinPool.runWorker(ForkJoinPool.java:1692)
	at java.util.concurrent.ForkJoinWorkerThread.run(ForkJoinWorkerThread.java:157)
Caused by: java.util.concurrent.TimeoutException: The heartbeat of JobManager with id 1b5125d3f789dd00d30b56429d3d7dde timed out.
	... 32 more

2023-07-03 10:45:52.720 [ForkJoinPool.commonPool-worker-13] WARN  o.a.flink.runtime.minicluster.MiniClusterJobClient - Shutdown of MiniCluster failed.
java.nio.file.DirectoryNotEmptyException: C:\Users\PENGZH~1\AppData\Local\Temp\minicluster_32bd48f82427d242022c5d342d04ff55\tm_0
	at sun.nio.fs.WindowsFileSystemProvider.implDelete(WindowsFileSystemProvider.java:266)
	at sun.nio.fs.AbstractFileSystemProvider.deleteIfExists(AbstractFileSystemProvider.java:108)
	at java.nio.file.Files.deleteIfExists(Files.java:1165)
	at org.apache.flink.util.FileUtils.deleteDirectoryInternal(FileUtils.java:332)
	at org.apache.flink.util.FileUtils.deleteFileOrDirectoryInternal(FileUtils.java:308)
	at org.apache.flink.util.FileUtils.guardIfWindows(FileUtils.java:396)
	at org.apache.flink.util.FileUtils.guardIfNotThreadSafe(FileUtils.java:375)
	at org.apache.flink.util.FileUtils.deleteFileOrDirectory(FileUtils.java:247)
	at org.apache.flink.util.FileUtils.cleanDirectoryInternal(FileUtils.java:361)
	at org.apache.flink.util.FileUtils.deleteDirectoryInternal(FileUtils.java:322)
	at org.apache.flink.util.FileUtils.guardIfWindows(FileUtils.java:396)
	at org.apache.flink.util.FileUtils.guardIfNotThreadSafe(FileUtils.java:375)
	at org.apache.flink.util.FileUtils.deleteDirectory(FileUtils.java:265)
	at org.apache.flink.runtime.entrypoint.WorkingDirectory.delete(WorkingDirectory.java:63)
	at org.apache.flink.runtime.minicluster.MiniCluster.deleteDirectories(MiniCluster.java:1313)
	at org.apache.flink.util.concurrent.FutureUtils.lambda$runAfterwardsAsync$15(FutureUtils.java:594)
	at java.util.concurrent.CompletableFuture.uniWhenComplete(CompletableFuture.java:760)
	at java.util.concurrent.CompletableFuture$UniWhenComplete.tryFire(CompletableFuture.java:736)
	at java.util.concurrent.CompletableFuture$Completion.run(CompletableFuture.java:442)
	at org.apache.flink.util.concurrent.DirectExecutorService.execute(DirectExecutorService.java:217)
	at java.util.concurrent.CompletableFuture$UniCompletion.claim(CompletableFuture.java:529)
	at java.util.concurrent.CompletableFuture.uniWhenComplete(CompletableFuture.java:751)
	at java.util.concurrent.CompletableFuture$UniWhenComplete.tryFire(CompletableFuture.java:736)
	at java.util.concurrent.CompletableFuture.postComplete(CompletableFuture.java:474)
	at java.util.concurrent.CompletableFuture.complete(CompletableFuture.java:1962)
	at org.apache.flink.util.concurrent.FutureUtils.lambda$null$16(FutureUtils.java:637)
	at java.util.concurrent.CompletableFuture.uniWhenComplete(CompletableFuture.java:760)
	at java.util.concurrent.CompletableFuture$UniWhenComplete.tryFire(CompletableFuture.java:736)
	at java.util.concurrent.CompletableFuture.postComplete(CompletableFuture.java:474)
	at java.util.concurrent.CompletableFuture$AsyncSupply.run$$$capture(CompletableFuture.java:1595)
	at java.util.concurrent.CompletableFuture$AsyncSupply.run(CompletableFuture.java)
	at java.util.concurrent.CompletableFuture$AsyncSupply.exec(CompletableFuture.java:1582)
	at java.util.concurrent.ForkJoinTask.doExec$$$capture(ForkJoinTask.java:289)
	at java.util.concurrent.ForkJoinTask.doExec(ForkJoinTask.java)
	at java.util.concurrent.ForkJoinPool$WorkQueue.runTask(ForkJoinPool.java:1056)
	at java.util.concurrent.ForkJoinPool.runWorker(ForkJoinPool.java:1692)
	at java.util.concurrent.ForkJoinWorkerThread.run(ForkJoinWorkerThread.java:157)
2023-07-03 10:46:12.646 [main] WARN  o.apache.flink.runtime.webmonitor.WebMonitorUtils - Log file environment variable 'log.file' is not set.
2023-07-03 10:46:12.647 [main] WARN  o.apache.flink.runtime.webmonitor.WebMonitorUtils - JobManager log files are unavailable in the web dashboard. Log file location not found in environment variable 'log.file' or configuration key 'web.log.path'.
2023-07-03 10:48:20.838 [main] WARN  o.apache.flink.runtime.webmonitor.WebMonitorUtils - Log file environment variable 'log.file' is not set.
2023-07-03 10:48:20.838 [main] WARN  o.apache.flink.runtime.webmonitor.WebMonitorUtils - JobManager log files are unavailable in the web dashboard. Log file location not found in environment variable 'log.file' or configuration key 'web.log.path'.
2023-07-03 10:53:04.233 [flink-akka.actor.default-dispatcher-22] WARN  org.apache.flink.runtime.taskmanager.Task - TumblingProcessingTimeWindows -> (Sink: Print to Std. Out, Sink: Print to Std. Out) (1/1)#0 (b43282f5ed90409bb442befa6400be29_e9b82703c83ea7e9b9e5df8d59eb3c36_0_0) switched from RUNNING to FAILED with failure cause: org.apache.flink.util.FlinkException: Disconnect from JobManager responsible for 53f4b5dd6576b91844d818f6319d14a9.
	at org.apache.flink.runtime.taskexecutor.TaskExecutor.disconnectJobManagerConnection(TaskExecutor.java:1702)
	at org.apache.flink.runtime.taskexecutor.TaskExecutor.disconnectAndTryReconnectToJobManager(TaskExecutor.java:1270)
	at org.apache.flink.runtime.taskexecutor.TaskExecutor.access$3900(TaskExecutor.java:183)
	at org.apache.flink.runtime.taskexecutor.TaskExecutor$JobManagerHeartbeatListener.lambda$handleJobManagerConnectionLoss$0(TaskExecutor.java:2469)
	at java.util.Optional.ifPresent(Optional.java:159)
	at org.apache.flink.runtime.taskexecutor.TaskExecutor$JobManagerHeartbeatListener.handleJobManagerConnectionLoss(TaskExecutor.java:2467)
	at org.apache.flink.runtime.taskexecutor.TaskExecutor$JobManagerHeartbeatListener.notifyHeartbeatTimeout(TaskExecutor.java:2450)
	at org.apache.flink.runtime.heartbeat.HeartbeatMonitorImpl.run(HeartbeatMonitorImpl.java:155)
	at java.util.concurrent.Executors$RunnableAdapter.call(Executors.java:511)
	at java.util.concurrent.FutureTask.run$$$capture(FutureTask.java:266)
	at java.util.concurrent.FutureTask.run(FutureTask.java)
	at org.apache.flink.runtime.rpc.akka.AkkaRpcActor.lambda$handleRunAsync$4(AkkaRpcActor.java:453)
	at org.apache.flink.runtime.concurrent.akka.ClassLoadingUtils.runWithContextClassLoader(ClassLoadingUtils.java:68)
	at org.apache.flink.runtime.rpc.akka.AkkaRpcActor.handleRunAsync(AkkaRpcActor.java:453)
	at org.apache.flink.runtime.rpc.akka.AkkaRpcActor.handleRpcMessage(AkkaRpcActor.java:218)
	at org.apache.flink.runtime.rpc.akka.AkkaRpcActor.handleMessage(AkkaRpcActor.java:168)
	at akka.japi.pf.UnitCaseStatement.apply(CaseStatements.scala:24)
	at akka.japi.pf.UnitCaseStatement.apply(CaseStatements.scala:20)
	at scala.PartialFunction.applyOrElse(PartialFunction.scala:123)
	at scala.PartialFunction.applyOrElse$(PartialFunction.scala:122)
	at akka.japi.pf.UnitCaseStatement.applyOrElse(CaseStatements.scala:20)
	at scala.PartialFunction$OrElse.applyOrElse(PartialFunction.scala:171)
	at scala.PartialFunction$OrElse.applyOrElse(PartialFunction.scala:172)
	at scala.PartialFunction$OrElse.applyOrElse(PartialFunction.scala:172)
	at akka.actor.Actor.aroundReceive(Actor.scala:537)
	at akka.actor.Actor.aroundReceive$(Actor.scala:535)
	at akka.actor.AbstractActor.aroundReceive(AbstractActor.scala:220)
	at akka.actor.ActorCell.receiveMessage$$$capture(ActorCell.scala:580)
	at akka.actor.ActorCell.receiveMessage(ActorCell.scala)
	at akka.actor.ActorCell.invoke(ActorCell.scala:548)
	at akka.dispatch.Mailbox.processMailbox(Mailbox.scala:270)
	at akka.dispatch.Mailbox.run(Mailbox.scala:231)
	at akka.dispatch.Mailbox.exec(Mailbox.scala:243)
	at java.util.concurrent.ForkJoinTask.doExec$$$capture(ForkJoinTask.java:289)
	at java.util.concurrent.ForkJoinTask.doExec(ForkJoinTask.java)
	at java.util.concurrent.ForkJoinPool$WorkQueue.runTask(ForkJoinPool.java:1056)
	at java.util.concurrent.ForkJoinPool.runWorker(ForkJoinPool.java:1692)
	at java.util.concurrent.ForkJoinWorkerThread.run(ForkJoinWorkerThread.java:157)
Caused by: java.util.concurrent.TimeoutException: The heartbeat of JobManager with id ce451c8694e8b2b984c89ea99e4bf04d timed out.
	... 32 more

2023-07-03 10:53:04.237 [flink-akka.actor.default-dispatcher-22] WARN  org.apache.flink.runtime.taskmanager.Task - Source: Custom Source -> Map (1/1)#0 (b43282f5ed90409bb442befa6400be29_cbc357ccb763df2852fee8c4fc7d55f2_0_0) switched from RUNNING to FAILED with failure cause: org.apache.flink.util.FlinkException: Disconnect from JobManager responsible for 53f4b5dd6576b91844d818f6319d14a9.
	at org.apache.flink.runtime.taskexecutor.TaskExecutor.disconnectJobManagerConnection(TaskExecutor.java:1702)
	at org.apache.flink.runtime.taskexecutor.TaskExecutor.disconnectAndTryReconnectToJobManager(TaskExecutor.java:1270)
	at org.apache.flink.runtime.taskexecutor.TaskExecutor.access$3900(TaskExecutor.java:183)
	at org.apache.flink.runtime.taskexecutor.TaskExecutor$JobManagerHeartbeatListener.lambda$handleJobManagerConnectionLoss$0(TaskExecutor.java:2469)
	at java.util.Optional.ifPresent(Optional.java:159)
	at org.apache.flink.runtime.taskexecutor.TaskExecutor$JobManagerHeartbeatListener.handleJobManagerConnectionLoss(TaskExecutor.java:2467)
	at org.apache.flink.runtime.taskexecutor.TaskExecutor$JobManagerHeartbeatListener.notifyHeartbeatTimeout(TaskExecutor.java:2450)
	at org.apache.flink.runtime.heartbeat.HeartbeatMonitorImpl.run(HeartbeatMonitorImpl.java:155)
	at java.util.concurrent.Executors$RunnableAdapter.call(Executors.java:511)
	at java.util.concurrent.FutureTask.run$$$capture(FutureTask.java:266)
	at java.util.concurrent.FutureTask.run(FutureTask.java)
	at org.apache.flink.runtime.rpc.akka.AkkaRpcActor.lambda$handleRunAsync$4(AkkaRpcActor.java:453)
	at org.apache.flink.runtime.concurrent.akka.ClassLoadingUtils.runWithContextClassLoader(ClassLoadingUtils.java:68)
	at org.apache.flink.runtime.rpc.akka.AkkaRpcActor.handleRunAsync(AkkaRpcActor.java:453)
	at org.apache.flink.runtime.rpc.akka.AkkaRpcActor.handleRpcMessage(AkkaRpcActor.java:218)
	at org.apache.flink.runtime.rpc.akka.AkkaRpcActor.handleMessage(AkkaRpcActor.java:168)
	at akka.japi.pf.UnitCaseStatement.apply(CaseStatements.scala:24)
	at akka.japi.pf.UnitCaseStatement.apply(CaseStatements.scala:20)
	at scala.PartialFunction.applyOrElse(PartialFunction.scala:123)
	at scala.PartialFunction.applyOrElse$(PartialFunction.scala:122)
	at akka.japi.pf.UnitCaseStatement.applyOrElse(CaseStatements.scala:20)
	at scala.PartialFunction$OrElse.applyOrElse(PartialFunction.scala:171)
	at scala.PartialFunction$OrElse.applyOrElse(PartialFunction.scala:172)
	at scala.PartialFunction$OrElse.applyOrElse(PartialFunction.scala:172)
	at akka.actor.Actor.aroundReceive(Actor.scala:537)
	at akka.actor.Actor.aroundReceive$(Actor.scala:535)
	at akka.actor.AbstractActor.aroundReceive(AbstractActor.scala:220)
	at akka.actor.ActorCell.receiveMessage$$$capture(ActorCell.scala:580)
	at akka.actor.ActorCell.receiveMessage(ActorCell.scala)
	at akka.actor.ActorCell.invoke(ActorCell.scala:548)
	at akka.dispatch.Mailbox.processMailbox(Mailbox.scala:270)
	at akka.dispatch.Mailbox.run(Mailbox.scala:231)
	at akka.dispatch.Mailbox.exec(Mailbox.scala:243)
	at java.util.concurrent.ForkJoinTask.doExec$$$capture(ForkJoinTask.java:289)
	at java.util.concurrent.ForkJoinTask.doExec(ForkJoinTask.java)
	at java.util.concurrent.ForkJoinPool$WorkQueue.runTask(ForkJoinPool.java:1056)
	at java.util.concurrent.ForkJoinPool.runWorker(ForkJoinPool.java:1692)
	at java.util.concurrent.ForkJoinWorkerThread.run(ForkJoinWorkerThread.java:157)
Caused by: java.util.concurrent.TimeoutException: The heartbeat of JobManager with id ce451c8694e8b2b984c89ea99e4bf04d timed out.
	... 32 more

2023-07-03 10:53:11.381 [main] WARN  o.apache.flink.runtime.webmonitor.WebMonitorUtils - Log file environment variable 'log.file' is not set.
2023-07-03 10:53:11.381 [main] WARN  o.apache.flink.runtime.webmonitor.WebMonitorUtils - JobManager log files are unavailable in the web dashboard. Log file location not found in environment variable 'log.file' or configuration key 'web.log.path'.
2023-07-03 10:54:42.139 [flink-akka.actor.default-dispatcher-18] WARN  org.apache.flink.runtime.taskmanager.Task - TumblingProcessingTimeWindows -> (Sink: Print to Std. Out, Sink: Print to Std. Out) (1/1)#0 (435a0ac20d755adb4756315fd6ed5ff4_e9b82703c83ea7e9b9e5df8d59eb3c36_0_0) switched from RUNNING to FAILED with failure cause: org.apache.flink.util.FlinkException: Disconnect from JobManager responsible for 67a954e158b42111b9f40a7ec97cf6a4.
	at org.apache.flink.runtime.taskexecutor.TaskExecutor.disconnectJobManagerConnection(TaskExecutor.java:1702)
	at org.apache.flink.runtime.taskexecutor.TaskExecutor.disconnectAndTryReconnectToJobManager(TaskExecutor.java:1270)
	at org.apache.flink.runtime.taskexecutor.TaskExecutor.access$3900(TaskExecutor.java:183)
	at org.apache.flink.runtime.taskexecutor.TaskExecutor$JobManagerHeartbeatListener.lambda$handleJobManagerConnectionLoss$0(TaskExecutor.java:2469)
	at java.util.Optional.ifPresent(Optional.java:159)
	at org.apache.flink.runtime.taskexecutor.TaskExecutor$JobManagerHeartbeatListener.handleJobManagerConnectionLoss(TaskExecutor.java:2467)
	at org.apache.flink.runtime.taskexecutor.TaskExecutor$JobManagerHeartbeatListener.notifyHeartbeatTimeout(TaskExecutor.java:2450)
	at org.apache.flink.runtime.heartbeat.HeartbeatMonitorImpl.run(HeartbeatMonitorImpl.java:155)
	at java.util.concurrent.Executors$RunnableAdapter.call(Executors.java:511)
	at java.util.concurrent.FutureTask.run$$$capture(FutureTask.java:266)
	at java.util.concurrent.FutureTask.run(FutureTask.java)
	at org.apache.flink.runtime.rpc.akka.AkkaRpcActor.lambda$handleRunAsync$4(AkkaRpcActor.java:453)
	at org.apache.flink.runtime.concurrent.akka.ClassLoadingUtils.runWithContextClassLoader(ClassLoadingUtils.java:68)
	at org.apache.flink.runtime.rpc.akka.AkkaRpcActor.handleRunAsync(AkkaRpcActor.java:453)
	at org.apache.flink.runtime.rpc.akka.AkkaRpcActor.handleRpcMessage(AkkaRpcActor.java:218)
	at org.apache.flink.runtime.rpc.akka.AkkaRpcActor.handleMessage(AkkaRpcActor.java:168)
	at akka.japi.pf.UnitCaseStatement.apply(CaseStatements.scala:24)
	at akka.japi.pf.UnitCaseStatement.apply(CaseStatements.scala:20)
	at scala.PartialFunction.applyOrElse(PartialFunction.scala:123)
	at scala.PartialFunction.applyOrElse$(PartialFunction.scala:122)
	at akka.japi.pf.UnitCaseStatement.applyOrElse(CaseStatements.scala:20)
	at scala.PartialFunction$OrElse.applyOrElse(PartialFunction.scala:171)
	at scala.PartialFunction$OrElse.applyOrElse(PartialFunction.scala:172)
	at scala.PartialFunction$OrElse.applyOrElse(PartialFunction.scala:172)
	at akka.actor.Actor.aroundReceive(Actor.scala:537)
	at akka.actor.Actor.aroundReceive$(Actor.scala:535)
	at akka.actor.AbstractActor.aroundReceive(AbstractActor.scala:220)
	at akka.actor.ActorCell.receiveMessage$$$capture(ActorCell.scala:580)
	at akka.actor.ActorCell.receiveMessage(ActorCell.scala)
	at akka.actor.ActorCell.invoke(ActorCell.scala:548)
	at akka.dispatch.Mailbox.processMailbox(Mailbox.scala:270)
	at akka.dispatch.Mailbox.run(Mailbox.scala:231)
	at akka.dispatch.Mailbox.exec(Mailbox.scala:243)
	at java.util.concurrent.ForkJoinTask.doExec$$$capture(ForkJoinTask.java:289)
	at java.util.concurrent.ForkJoinTask.doExec(ForkJoinTask.java)
	at java.util.concurrent.ForkJoinPool$WorkQueue.runTask(ForkJoinPool.java:1056)
	at java.util.concurrent.ForkJoinPool.runWorker(ForkJoinPool.java:1692)
	at java.util.concurrent.ForkJoinWorkerThread.run(ForkJoinWorkerThread.java:157)
Caused by: java.util.concurrent.TimeoutException: The heartbeat of JobManager with id 73fb26c523cf0c7217c480cc1665697b timed out.
	... 32 more

2023-07-03 10:54:42.142 [flink-akka.actor.default-dispatcher-18] WARN  org.apache.flink.runtime.taskmanager.Task - Source: Custom Source -> Map (1/1)#0 (435a0ac20d755adb4756315fd6ed5ff4_cbc357ccb763df2852fee8c4fc7d55f2_0_0) switched from RUNNING to FAILED with failure cause: org.apache.flink.util.FlinkException: Disconnect from JobManager responsible for 67a954e158b42111b9f40a7ec97cf6a4.
	at org.apache.flink.runtime.taskexecutor.TaskExecutor.disconnectJobManagerConnection(TaskExecutor.java:1702)
	at org.apache.flink.runtime.taskexecutor.TaskExecutor.disconnectAndTryReconnectToJobManager(TaskExecutor.java:1270)
	at org.apache.flink.runtime.taskexecutor.TaskExecutor.access$3900(TaskExecutor.java:183)
	at org.apache.flink.runtime.taskexecutor.TaskExecutor$JobManagerHeartbeatListener.lambda$handleJobManagerConnectionLoss$0(TaskExecutor.java:2469)
	at java.util.Optional.ifPresent(Optional.java:159)
	at org.apache.flink.runtime.taskexecutor.TaskExecutor$JobManagerHeartbeatListener.handleJobManagerConnectionLoss(TaskExecutor.java:2467)
	at org.apache.flink.runtime.taskexecutor.TaskExecutor$JobManagerHeartbeatListener.notifyHeartbeatTimeout(TaskExecutor.java:2450)
	at org.apache.flink.runtime.heartbeat.HeartbeatMonitorImpl.run(HeartbeatMonitorImpl.java:155)
	at java.util.concurrent.Executors$RunnableAdapter.call(Executors.java:511)
	at java.util.concurrent.FutureTask.run$$$capture(FutureTask.java:266)
	at java.util.concurrent.FutureTask.run(FutureTask.java)
	at org.apache.flink.runtime.rpc.akka.AkkaRpcActor.lambda$handleRunAsync$4(AkkaRpcActor.java:453)
	at org.apache.flink.runtime.concurrent.akka.ClassLoadingUtils.runWithContextClassLoader(ClassLoadingUtils.java:68)
	at org.apache.flink.runtime.rpc.akka.AkkaRpcActor.handleRunAsync(AkkaRpcActor.java:453)
	at org.apache.flink.runtime.rpc.akka.AkkaRpcActor.handleRpcMessage(AkkaRpcActor.java:218)
	at org.apache.flink.runtime.rpc.akka.AkkaRpcActor.handleMessage(AkkaRpcActor.java:168)
	at akka.japi.pf.UnitCaseStatement.apply(CaseStatements.scala:24)
	at akka.japi.pf.UnitCaseStatement.apply(CaseStatements.scala:20)
	at scala.PartialFunction.applyOrElse(PartialFunction.scala:123)
	at scala.PartialFunction.applyOrElse$(PartialFunction.scala:122)
	at akka.japi.pf.UnitCaseStatement.applyOrElse(CaseStatements.scala:20)
	at scala.PartialFunction$OrElse.applyOrElse(PartialFunction.scala:171)
	at scala.PartialFunction$OrElse.applyOrElse(PartialFunction.scala:172)
	at scala.PartialFunction$OrElse.applyOrElse(PartialFunction.scala:172)
	at akka.actor.Actor.aroundReceive(Actor.scala:537)
	at akka.actor.Actor.aroundReceive$(Actor.scala:535)
	at akka.actor.AbstractActor.aroundReceive(AbstractActor.scala:220)
	at akka.actor.ActorCell.receiveMessage$$$capture(ActorCell.scala:580)
	at akka.actor.ActorCell.receiveMessage(ActorCell.scala)
	at akka.actor.ActorCell.invoke(ActorCell.scala:548)
	at akka.dispatch.Mailbox.processMailbox(Mailbox.scala:270)
	at akka.dispatch.Mailbox.run(Mailbox.scala:231)
	at akka.dispatch.Mailbox.exec(Mailbox.scala:243)
	at java.util.concurrent.ForkJoinTask.doExec$$$capture(ForkJoinTask.java:289)
	at java.util.concurrent.ForkJoinTask.doExec(ForkJoinTask.java)
	at java.util.concurrent.ForkJoinPool$WorkQueue.runTask(ForkJoinPool.java:1056)
	at java.util.concurrent.ForkJoinPool.runWorker(ForkJoinPool.java:1692)
	at java.util.concurrent.ForkJoinWorkerThread.run(ForkJoinWorkerThread.java:157)
Caused by: java.util.concurrent.TimeoutException: The heartbeat of JobManager with id 73fb26c523cf0c7217c480cc1665697b timed out.
	... 32 more

2023-07-03 10:54:45.924 [ForkJoinPool.commonPool-worker-4] WARN  o.a.flink.runtime.minicluster.MiniClusterJobClient - Shutdown of MiniCluster failed.
java.nio.file.DirectoryNotEmptyException: C:\Users\PENGZH~1\AppData\Local\Temp\minicluster_676966dca9e0b41a52315274df5def68\tm_0
	at sun.nio.fs.WindowsFileSystemProvider.implDelete(WindowsFileSystemProvider.java:266)
	at sun.nio.fs.AbstractFileSystemProvider.deleteIfExists(AbstractFileSystemProvider.java:108)
	at java.nio.file.Files.deleteIfExists(Files.java:1165)
	at org.apache.flink.util.FileUtils.deleteDirectoryInternal(FileUtils.java:332)
	at org.apache.flink.util.FileUtils.deleteFileOrDirectoryInternal(FileUtils.java:308)
	at org.apache.flink.util.FileUtils.guardIfWindows(FileUtils.java:396)
	at org.apache.flink.util.FileUtils.guardIfNotThreadSafe(FileUtils.java:375)
	at org.apache.flink.util.FileUtils.deleteFileOrDirectory(FileUtils.java:247)
	at org.apache.flink.util.FileUtils.cleanDirectoryInternal(FileUtils.java:361)
	at org.apache.flink.util.FileUtils.deleteDirectoryInternal(FileUtils.java:322)
	at org.apache.flink.util.FileUtils.guardIfWindows(FileUtils.java:396)
	at org.apache.flink.util.FileUtils.guardIfNotThreadSafe(FileUtils.java:375)
	at org.apache.flink.util.FileUtils.deleteDirectory(FileUtils.java:265)
	at org.apache.flink.runtime.entrypoint.WorkingDirectory.delete(WorkingDirectory.java:63)
	at org.apache.flink.runtime.minicluster.MiniCluster.deleteDirectories(MiniCluster.java:1313)
	at org.apache.flink.util.concurrent.FutureUtils.lambda$runAfterwardsAsync$15(FutureUtils.java:594)
	at java.util.concurrent.CompletableFuture.uniWhenComplete(CompletableFuture.java:760)
	at java.util.concurrent.CompletableFuture$UniWhenComplete.tryFire(CompletableFuture.java:736)
	at java.util.concurrent.CompletableFuture$Completion.run(CompletableFuture.java:442)
	at org.apache.flink.util.concurrent.DirectExecutorService.execute(DirectExecutorService.java:217)
	at java.util.concurrent.CompletableFuture$UniCompletion.claim(CompletableFuture.java:529)
	at java.util.concurrent.CompletableFuture.uniWhenComplete(CompletableFuture.java:751)
	at java.util.concurrent.CompletableFuture$UniWhenComplete.tryFire(CompletableFuture.java:736)
	at java.util.concurrent.CompletableFuture.postComplete(CompletableFuture.java:474)
	at java.util.concurrent.CompletableFuture.complete(CompletableFuture.java:1962)
	at org.apache.flink.util.concurrent.FutureUtils.lambda$null$16(FutureUtils.java:637)
	at java.util.concurrent.CompletableFuture.uniWhenComplete(CompletableFuture.java:760)
	at java.util.concurrent.CompletableFuture$UniWhenComplete.tryFire(CompletableFuture.java:736)
	at java.util.concurrent.CompletableFuture.postComplete(CompletableFuture.java:474)
	at java.util.concurrent.CompletableFuture$AsyncSupply.run$$$capture(CompletableFuture.java:1595)
	at java.util.concurrent.CompletableFuture$AsyncSupply.run(CompletableFuture.java)
	at java.util.concurrent.CompletableFuture$AsyncSupply.exec(CompletableFuture.java:1582)
	at java.util.concurrent.ForkJoinTask.doExec$$$capture(ForkJoinTask.java:289)
	at java.util.concurrent.ForkJoinTask.doExec(ForkJoinTask.java)
	at java.util.concurrent.ForkJoinPool$WorkQueue.runTask(ForkJoinPool.java:1056)
	at java.util.concurrent.ForkJoinPool.runWorker(ForkJoinPool.java:1692)
	at java.util.concurrent.ForkJoinWorkerThread.run(ForkJoinWorkerThread.java:157)
2023-07-03 10:54:56.120 [main] WARN  o.apache.flink.runtime.webmonitor.WebMonitorUtils - Log file environment variable 'log.file' is not set.
2023-07-03 10:54:56.121 [main] WARN  o.apache.flink.runtime.webmonitor.WebMonitorUtils - JobManager log files are unavailable in the web dashboard. Log file location not found in environment variable 'log.file' or configuration key 'web.log.path'.
2023-07-03 10:59:29.950 [main] WARN  o.apache.flink.runtime.webmonitor.WebMonitorUtils - Log file environment variable 'log.file' is not set.
2023-07-03 10:59:29.951 [main] WARN  o.apache.flink.runtime.webmonitor.WebMonitorUtils - JobManager log files are unavailable in the web dashboard. Log file location not found in environment variable 'log.file' or configuration key 'web.log.path'.
2023-07-03 11:00:57.953 [main] WARN  o.apache.flink.runtime.webmonitor.WebMonitorUtils - Log file environment variable 'log.file' is not set.
2023-07-03 11:00:57.953 [main] WARN  o.apache.flink.runtime.webmonitor.WebMonitorUtils - JobManager log files are unavailable in the web dashboard. Log file location not found in environment variable 'log.file' or configuration key 'web.log.path'.
2023-07-03 11:51:15.569 [main] WARN  o.apache.flink.runtime.webmonitor.WebMonitorUtils - Log file environment variable 'log.file' is not set.
2023-07-03 11:51:15.570 [main] WARN  o.apache.flink.runtime.webmonitor.WebMonitorUtils - JobManager log files are unavailable in the web dashboard. Log file location not found in environment variable 'log.file' or configuration key 'web.log.path'.
2023-07-03 14:08:37.726 [flink-akka.actor.default-dispatcher-23] WARN  org.apache.flink.runtime.taskmanager.Task - TumblingProcessingTimeWindows -> (Sink: Print to Std. Out, Sink: Print to Std. Out) (1/1)#0 (7ee1caf3e78d6fd96b823633836d54f5_e9b82703c83ea7e9b9e5df8d59eb3c36_0_0) switched from RUNNING to FAILED with failure cause: org.apache.flink.util.FlinkException: Disconnect from JobManager responsible for 2025be40d2a7a148e2a2297145ce4d70.
	at org.apache.flink.runtime.taskexecutor.TaskExecutor.disconnectJobManagerConnection(TaskExecutor.java:1702)
	at org.apache.flink.runtime.taskexecutor.TaskExecutor.disconnectAndTryReconnectToJobManager(TaskExecutor.java:1270)
	at org.apache.flink.runtime.taskexecutor.TaskExecutor.access$3900(TaskExecutor.java:183)
	at org.apache.flink.runtime.taskexecutor.TaskExecutor$JobManagerHeartbeatListener.lambda$handleJobManagerConnectionLoss$0(TaskExecutor.java:2469)
	at java.util.Optional.ifPresent(Optional.java:159)
	at org.apache.flink.runtime.taskexecutor.TaskExecutor$JobManagerHeartbeatListener.handleJobManagerConnectionLoss(TaskExecutor.java:2467)
	at org.apache.flink.runtime.taskexecutor.TaskExecutor$JobManagerHeartbeatListener.notifyHeartbeatTimeout(TaskExecutor.java:2450)
	at org.apache.flink.runtime.heartbeat.HeartbeatMonitorImpl.run(HeartbeatMonitorImpl.java:155)
	at java.util.concurrent.Executors$RunnableAdapter.call(Executors.java:511)
	at java.util.concurrent.FutureTask.run$$$capture(FutureTask.java:266)
	at java.util.concurrent.FutureTask.run(FutureTask.java)
	at org.apache.flink.runtime.rpc.akka.AkkaRpcActor.lambda$handleRunAsync$4(AkkaRpcActor.java:453)
	at org.apache.flink.runtime.concurrent.akka.ClassLoadingUtils.runWithContextClassLoader(ClassLoadingUtils.java:68)
	at org.apache.flink.runtime.rpc.akka.AkkaRpcActor.handleRunAsync(AkkaRpcActor.java:453)
	at org.apache.flink.runtime.rpc.akka.AkkaRpcActor.handleRpcMessage(AkkaRpcActor.java:218)
	at org.apache.flink.runtime.rpc.akka.AkkaRpcActor.handleMessage(AkkaRpcActor.java:168)
	at akka.japi.pf.UnitCaseStatement.apply(CaseStatements.scala:24)
	at akka.japi.pf.UnitCaseStatement.apply(CaseStatements.scala:20)
	at scala.PartialFunction.applyOrElse(PartialFunction.scala:123)
	at scala.PartialFunction.applyOrElse$(PartialFunction.scala:122)
	at akka.japi.pf.UnitCaseStatement.applyOrElse(CaseStatements.scala:20)
	at scala.PartialFunction$OrElse.applyOrElse(PartialFunction.scala:171)
	at scala.PartialFunction$OrElse.applyOrElse(PartialFunction.scala:172)
	at scala.PartialFunction$OrElse.applyOrElse(PartialFunction.scala:172)
	at akka.actor.Actor.aroundReceive(Actor.scala:537)
	at akka.actor.Actor.aroundReceive$(Actor.scala:535)
	at akka.actor.AbstractActor.aroundReceive(AbstractActor.scala:220)
	at akka.actor.ActorCell.receiveMessage$$$capture(ActorCell.scala:580)
	at akka.actor.ActorCell.receiveMessage(ActorCell.scala)
	at akka.actor.ActorCell.invoke(ActorCell.scala:548)
	at akka.dispatch.Mailbox.processMailbox(Mailbox.scala:270)
	at akka.dispatch.Mailbox.run(Mailbox.scala:231)
	at akka.dispatch.Mailbox.exec(Mailbox.scala:243)
	at java.util.concurrent.ForkJoinTask.doExec$$$capture(ForkJoinTask.java:289)
	at java.util.concurrent.ForkJoinTask.doExec(ForkJoinTask.java)
	at java.util.concurrent.ForkJoinPool$WorkQueue.runTask(ForkJoinPool.java:1056)
	at java.util.concurrent.ForkJoinPool.runWorker(ForkJoinPool.java:1692)
	at java.util.concurrent.ForkJoinWorkerThread.run(ForkJoinWorkerThread.java:157)
Caused by: java.util.concurrent.TimeoutException: The heartbeat of JobManager with id 890835badadcdc9e156c02f7a5ce4318 timed out.
	... 32 more

2023-07-03 14:08:37.732 [flink-akka.actor.default-dispatcher-23] WARN  org.apache.flink.runtime.taskmanager.Task - Source: Custom Source -> Map (1/1)#0 (7ee1caf3e78d6fd96b823633836d54f5_cbc357ccb763df2852fee8c4fc7d55f2_0_0) switched from RUNNING to FAILED with failure cause: org.apache.flink.util.FlinkException: Disconnect from JobManager responsible for 2025be40d2a7a148e2a2297145ce4d70.
	at org.apache.flink.runtime.taskexecutor.TaskExecutor.disconnectJobManagerConnection(TaskExecutor.java:1702)
	at org.apache.flink.runtime.taskexecutor.TaskExecutor.disconnectAndTryReconnectToJobManager(TaskExecutor.java:1270)
	at org.apache.flink.runtime.taskexecutor.TaskExecutor.access$3900(TaskExecutor.java:183)
	at org.apache.flink.runtime.taskexecutor.TaskExecutor$JobManagerHeartbeatListener.lambda$handleJobManagerConnectionLoss$0(TaskExecutor.java:2469)
	at java.util.Optional.ifPresent(Optional.java:159)
	at org.apache.flink.runtime.taskexecutor.TaskExecutor$JobManagerHeartbeatListener.handleJobManagerConnectionLoss(TaskExecutor.java:2467)
	at org.apache.flink.runtime.taskexecutor.TaskExecutor$JobManagerHeartbeatListener.notifyHeartbeatTimeout(TaskExecutor.java:2450)
	at org.apache.flink.runtime.heartbeat.HeartbeatMonitorImpl.run(HeartbeatMonitorImpl.java:155)
	at java.util.concurrent.Executors$RunnableAdapter.call(Executors.java:511)
	at java.util.concurrent.FutureTask.run$$$capture(FutureTask.java:266)
	at java.util.concurrent.FutureTask.run(FutureTask.java)
	at org.apache.flink.runtime.rpc.akka.AkkaRpcActor.lambda$handleRunAsync$4(AkkaRpcActor.java:453)
	at org.apache.flink.runtime.concurrent.akka.ClassLoadingUtils.runWithContextClassLoader(ClassLoadingUtils.java:68)
	at org.apache.flink.runtime.rpc.akka.AkkaRpcActor.handleRunAsync(AkkaRpcActor.java:453)
	at org.apache.flink.runtime.rpc.akka.AkkaRpcActor.handleRpcMessage(AkkaRpcActor.java:218)
	at org.apache.flink.runtime.rpc.akka.AkkaRpcActor.handleMessage(AkkaRpcActor.java:168)
	at akka.japi.pf.UnitCaseStatement.apply(CaseStatements.scala:24)
	at akka.japi.pf.UnitCaseStatement.apply(CaseStatements.scala:20)
	at scala.PartialFunction.applyOrElse(PartialFunction.scala:123)
	at scala.PartialFunction.applyOrElse$(PartialFunction.scala:122)
	at akka.japi.pf.UnitCaseStatement.applyOrElse(CaseStatements.scala:20)
	at scala.PartialFunction$OrElse.applyOrElse(PartialFunction.scala:171)
	at scala.PartialFunction$OrElse.applyOrElse(PartialFunction.scala:172)
	at scala.PartialFunction$OrElse.applyOrElse(PartialFunction.scala:172)
	at akka.actor.Actor.aroundReceive(Actor.scala:537)
	at akka.actor.Actor.aroundReceive$(Actor.scala:535)
	at akka.actor.AbstractActor.aroundReceive(AbstractActor.scala:220)
	at akka.actor.ActorCell.receiveMessage$$$capture(ActorCell.scala:580)
	at akka.actor.ActorCell.receiveMessage(ActorCell.scala)
	at akka.actor.ActorCell.invoke(ActorCell.scala:548)
	at akka.dispatch.Mailbox.processMailbox(Mailbox.scala:270)
	at akka.dispatch.Mailbox.run(Mailbox.scala:231)
	at akka.dispatch.Mailbox.exec(Mailbox.scala:243)
	at java.util.concurrent.ForkJoinTask.doExec$$$capture(ForkJoinTask.java:289)
	at java.util.concurrent.ForkJoinTask.doExec(ForkJoinTask.java)
	at java.util.concurrent.ForkJoinPool$WorkQueue.runTask(ForkJoinPool.java:1056)
	at java.util.concurrent.ForkJoinPool.runWorker(ForkJoinPool.java:1692)
	at java.util.concurrent.ForkJoinWorkerThread.run(ForkJoinWorkerThread.java:157)
Caused by: java.util.concurrent.TimeoutException: The heartbeat of JobManager with id 890835badadcdc9e156c02f7a5ce4318 timed out.
	... 32 more

2023-07-03 14:39:57.401 [main] WARN  o.apache.flink.runtime.webmonitor.WebMonitorUtils - Log file environment variable 'log.file' is not set.
2023-07-03 14:39:57.401 [main] WARN  o.apache.flink.runtime.webmonitor.WebMonitorUtils - JobManager log files are unavailable in the web dashboard. Log file location not found in environment variable 'log.file' or configuration key 'web.log.path'.
2023-07-03 14:46:22.143 [main] WARN  o.apache.flink.runtime.webmonitor.WebMonitorUtils - Log file environment variable 'log.file' is not set.
2023-07-03 14:46:22.144 [main] WARN  o.apache.flink.runtime.webmonitor.WebMonitorUtils - JobManager log files are unavailable in the web dashboard. Log file location not found in environment variable 'log.file' or configuration key 'web.log.path'.
2023-07-03 15:09:08.944 [main] WARN  o.apache.flink.runtime.webmonitor.WebMonitorUtils - Log file environment variable 'log.file' is not set.
2023-07-03 15:09:08.944 [main] WARN  o.apache.flink.runtime.webmonitor.WebMonitorUtils - JobManager log files are unavailable in the web dashboard. Log file location not found in environment variable 'log.file' or configuration key 'web.log.path'.
2023-07-03 18:04:57.706 [main] WARN  o.apache.flink.runtime.webmonitor.WebMonitorUtils - Log file environment variable 'log.file' is not set.
2023-07-03 18:04:57.706 [main] WARN  o.apache.flink.runtime.webmonitor.WebMonitorUtils - JobManager log files are unavailable in the web dashboard. Log file location not found in environment variable 'log.file' or configuration key 'web.log.path'.
2023-07-03 18:06:48.282 [main] WARN  o.apache.flink.runtime.webmonitor.WebMonitorUtils - Log file environment variable 'log.file' is not set.
2023-07-03 18:06:48.283 [main] WARN  o.apache.flink.runtime.webmonitor.WebMonitorUtils - JobManager log files are unavailable in the web dashboard. Log file location not found in environment variable 'log.file' or configuration key 'web.log.path'.
2023-07-03 18:06:49.249 [SlidingEventTimeWindows -> Sink: Print to Std. Out (3/4)#0] WARN  org.apache.flink.runtime.taskmanager.Task - SlidingEventTimeWindows -> Sink: Print to Std. Out (3/4)#0 (ab6bdf0f1849e685ae3863dafe7173e5_e70bbd798b564e0a50e10e343f1ac56b_2_0) switched from RUNNING to FAILED with failure cause: java.lang.RuntimeException: Record has Long.MIN_VALUE timestamp (= no timestamp marker). Is the time characteristic set to 'ProcessingTime', or did you forget to call 'DataStream.assignTimestampsAndWatermarks(...)'?
	at org.apache.flink.streaming.api.windowing.assigners.SlidingEventTimeWindows.assignWindows(SlidingEventTimeWindows.java:80)
	at org.apache.flink.streaming.runtime.operators.windowing.WindowOperator.processElement(WindowOperator.java:284)
	at org.apache.flink.streaming.runtime.tasks.OneInputStreamTask$StreamTaskNetworkOutput.emitRecord(OneInputStreamTask.java:233)
	at org.apache.flink.streaming.runtime.io.AbstractStreamTaskNetworkInput.processElement(AbstractStreamTaskNetworkInput.java:134)
	at org.apache.flink.streaming.runtime.io.AbstractStreamTaskNetworkInput.emitNext(AbstractStreamTaskNetworkInput.java:105)
	at org.apache.flink.streaming.runtime.io.StreamOneInputProcessor.processInput(StreamOneInputProcessor.java:65)
	at org.apache.flink.streaming.runtime.tasks.StreamTask.processInput(StreamTask.java:542)
	at org.apache.flink.streaming.runtime.tasks.mailbox.MailboxProcessor.runMailboxLoop(MailboxProcessor.java:231)
	at org.apache.flink.streaming.runtime.tasks.StreamTask.runMailboxLoop(StreamTask.java:831)
	at org.apache.flink.streaming.runtime.tasks.StreamTask.invoke(StreamTask.java:780)
	at org.apache.flink.runtime.taskmanager.Task.runWithSystemExitMonitoring(Task.java:935)
	at org.apache.flink.runtime.taskmanager.Task.restoreAndInvoke(Task.java:914)
	at org.apache.flink.runtime.taskmanager.Task.doRun(Task.java:728)
	at org.apache.flink.runtime.taskmanager.Task.run(Task.java:550)
	at java.lang.Thread.run(Thread.java:748)

2023-07-03 18:06:49.249 [SlidingEventTimeWindows -> Sink: Print to Std. Out (2/4)#0] WARN  org.apache.flink.runtime.taskmanager.Task - SlidingEventTimeWindows -> Sink: Print to Std. Out (2/4)#0 (ab6bdf0f1849e685ae3863dafe7173e5_e70bbd798b564e0a50e10e343f1ac56b_1_0) switched from RUNNING to FAILED with failure cause: java.lang.RuntimeException: Record has Long.MIN_VALUE timestamp (= no timestamp marker). Is the time characteristic set to 'ProcessingTime', or did you forget to call 'DataStream.assignTimestampsAndWatermarks(...)'?
	at org.apache.flink.streaming.api.windowing.assigners.SlidingEventTimeWindows.assignWindows(SlidingEventTimeWindows.java:80)
	at org.apache.flink.streaming.runtime.operators.windowing.WindowOperator.processElement(WindowOperator.java:284)
	at org.apache.flink.streaming.runtime.tasks.OneInputStreamTask$StreamTaskNetworkOutput.emitRecord(OneInputStreamTask.java:233)
	at org.apache.flink.streaming.runtime.io.AbstractStreamTaskNetworkInput.processElement(AbstractStreamTaskNetworkInput.java:134)
	at org.apache.flink.streaming.runtime.io.AbstractStreamTaskNetworkInput.emitNext(AbstractStreamTaskNetworkInput.java:105)
	at org.apache.flink.streaming.runtime.io.StreamOneInputProcessor.processInput(StreamOneInputProcessor.java:65)
	at org.apache.flink.streaming.runtime.tasks.StreamTask.processInput(StreamTask.java:542)
	at org.apache.flink.streaming.runtime.tasks.mailbox.MailboxProcessor.runMailboxLoop(MailboxProcessor.java:231)
	at org.apache.flink.streaming.runtime.tasks.StreamTask.runMailboxLoop(StreamTask.java:831)
	at org.apache.flink.streaming.runtime.tasks.StreamTask.invoke(StreamTask.java:780)
	at org.apache.flink.runtime.taskmanager.Task.runWithSystemExitMonitoring(Task.java:935)
	at org.apache.flink.runtime.taskmanager.Task.restoreAndInvoke(Task.java:914)
	at org.apache.flink.runtime.taskmanager.Task.doRun(Task.java:728)
	at org.apache.flink.runtime.taskmanager.Task.run(Task.java:550)
	at java.lang.Thread.run(Thread.java:748)

2023-07-03 18:06:49.249 [SlidingEventTimeWindows -> Sink: Print to Std. Out (4/4)#0] WARN  org.apache.flink.runtime.taskmanager.Task - SlidingEventTimeWindows -> Sink: Print to Std. Out (4/4)#0 (ab6bdf0f1849e685ae3863dafe7173e5_e70bbd798b564e0a50e10e343f1ac56b_3_0) switched from RUNNING to FAILED with failure cause: java.lang.RuntimeException: Record has Long.MIN_VALUE timestamp (= no timestamp marker). Is the time characteristic set to 'ProcessingTime', or did you forget to call 'DataStream.assignTimestampsAndWatermarks(...)'?
	at org.apache.flink.streaming.api.windowing.assigners.SlidingEventTimeWindows.assignWindows(SlidingEventTimeWindows.java:80)
	at org.apache.flink.streaming.runtime.operators.windowing.WindowOperator.processElement(WindowOperator.java:284)
	at org.apache.flink.streaming.runtime.tasks.OneInputStreamTask$StreamTaskNetworkOutput.emitRecord(OneInputStreamTask.java:233)
	at org.apache.flink.streaming.runtime.io.AbstractStreamTaskNetworkInput.processElement(AbstractStreamTaskNetworkInput.java:134)
	at org.apache.flink.streaming.runtime.io.AbstractStreamTaskNetworkInput.emitNext(AbstractStreamTaskNetworkInput.java:105)
	at org.apache.flink.streaming.runtime.io.StreamOneInputProcessor.processInput(StreamOneInputProcessor.java:65)
	at org.apache.flink.streaming.runtime.tasks.StreamTask.processInput(StreamTask.java:542)
	at org.apache.flink.streaming.runtime.tasks.mailbox.MailboxProcessor.runMailboxLoop(MailboxProcessor.java:231)
	at org.apache.flink.streaming.runtime.tasks.StreamTask.runMailboxLoop(StreamTask.java:831)
	at org.apache.flink.streaming.runtime.tasks.StreamTask.invoke(StreamTask.java:780)
	at org.apache.flink.runtime.taskmanager.Task.runWithSystemExitMonitoring(Task.java:935)
	at org.apache.flink.runtime.taskmanager.Task.restoreAndInvoke(Task.java:914)
	at org.apache.flink.runtime.taskmanager.Task.doRun(Task.java:728)
	at org.apache.flink.runtime.taskmanager.Task.run(Task.java:550)
	at java.lang.Thread.run(Thread.java:748)

2023-07-03 18:06:49.249 [SlidingEventTimeWindows -> Sink: Print to Std. Out (1/4)#0] WARN  org.apache.flink.runtime.taskmanager.Task - SlidingEventTimeWindows -> Sink: Print to Std. Out (1/4)#0 (ab6bdf0f1849e685ae3863dafe7173e5_e70bbd798b564e0a50e10e343f1ac56b_0_0) switched from RUNNING to FAILED with failure cause: java.lang.RuntimeException: Record has Long.MIN_VALUE timestamp (= no timestamp marker). Is the time characteristic set to 'ProcessingTime', or did you forget to call 'DataStream.assignTimestampsAndWatermarks(...)'?
	at org.apache.flink.streaming.api.windowing.assigners.SlidingEventTimeWindows.assignWindows(SlidingEventTimeWindows.java:80)
	at org.apache.flink.streaming.runtime.operators.windowing.WindowOperator.processElement(WindowOperator.java:284)
	at org.apache.flink.streaming.runtime.tasks.OneInputStreamTask$StreamTaskNetworkOutput.emitRecord(OneInputStreamTask.java:233)
	at org.apache.flink.streaming.runtime.io.AbstractStreamTaskNetworkInput.processElement(AbstractStreamTaskNetworkInput.java:134)
	at org.apache.flink.streaming.runtime.io.AbstractStreamTaskNetworkInput.emitNext(AbstractStreamTaskNetworkInput.java:105)
	at org.apache.flink.streaming.runtime.io.StreamOneInputProcessor.processInput(StreamOneInputProcessor.java:65)
	at org.apache.flink.streaming.runtime.tasks.StreamTask.processInput(StreamTask.java:542)
	at org.apache.flink.streaming.runtime.tasks.mailbox.MailboxProcessor.runMailboxLoop(MailboxProcessor.java:231)
	at org.apache.flink.streaming.runtime.tasks.StreamTask.runMailboxLoop(StreamTask.java:831)
	at org.apache.flink.streaming.runtime.tasks.StreamTask.invoke(StreamTask.java:780)
	at org.apache.flink.runtime.taskmanager.Task.runWithSystemExitMonitoring(Task.java:935)
	at org.apache.flink.runtime.taskmanager.Task.restoreAndInvoke(Task.java:914)
	at org.apache.flink.runtime.taskmanager.Task.doRun(Task.java:728)
	at org.apache.flink.runtime.taskmanager.Task.run(Task.java:550)
	at java.lang.Thread.run(Thread.java:748)

2023-07-03 18:21:40.903 [main] WARN  o.apache.flink.runtime.webmonitor.WebMonitorUtils - Log file environment variable 'log.file' is not set.
2023-07-03 18:21:40.903 [main] WARN  o.apache.flink.runtime.webmonitor.WebMonitorUtils - JobManager log files are unavailable in the web dashboard. Log file location not found in environment variable 'log.file' or configuration key 'web.log.path'.
2023-07-03 18:31:19.663 [main] WARN  o.apache.flink.runtime.webmonitor.WebMonitorUtils - Log file environment variable 'log.file' is not set.
2023-07-03 18:31:19.664 [main] WARN  o.apache.flink.runtime.webmonitor.WebMonitorUtils - JobManager log files are unavailable in the web dashboard. Log file location not found in environment variable 'log.file' or configuration key 'web.log.path'.
